2025-07-29 22:42:29,058 - DEBUG - wrapper:342 - matplotlib data path: D:\Python\SnakeTkinter\.venv\lib\site-packages\matplotlib\mpl-data
2025-07-29 22:42:29,070 - DEBUG - wrapper:342 - CONFIGDIR=C:\Users\user\.matplotlib
2025-07-29 22:42:29,071 - DEBUG - <module>:1557 - interactive is False
2025-07-29 22:42:29,071 - DEBUG - <module>:1558 - platform is win32
2025-07-29 22:42:29,162 - DEBUG - wrapper:342 - CACHEDIR=C:\Users\user\.matplotlib
2025-07-29 22:42:29,166 - DEBUG - _load_fontmanager:1635 - Using fontManager instance from C:\Users\user\.matplotlib\fontlist-v390.json
2025-07-29 22:42:34,470 - INFO - log_performance:59 - Performance: game_loop took 0.012s
2025-07-29 22:42:34,580 - INFO - log_performance:59 - Performance: game_loop took 0.008s
2025-07-29 22:42:34,689 - INFO - log_performance:59 - Performance: game_loop took 0.004s
2025-07-29 22:42:34,798 - INFO - log_performance:59 - Performance: game_loop took 0.009s
2025-07-29 22:42:34,903 - INFO - log_performance:59 - Performance: game_loop took 0.005s
2025-07-29 22:42:35,011 - INFO - log_performance:59 - Performance: game_loop took 0.003s
2025-07-29 22:42:35,116 - INFO - log_performance:59 - Performance: game_loop took 0.005s
2025-07-29 22:42:35,231 - INFO - log_performance:59 - Performance: game_loop took 0.006s
2025-07-29 22:42:35,344 - INFO - log_performance:59 - Performance: game_loop took 0.003s
2025-07-29 22:42:35,449 - INFO - log_performance:59 - Performance: game_loop took 0.005s
2025-07-29 22:42:35,565 - INFO - log_performance:59 - Performance: game_loop took 0.007s
2025-07-29 22:42:35,672 - INFO - log_performance:59 - Performance: game_loop took 0.004s
2025-07-29 22:42:35,783 - INFO - log_performance:59 - Performance: game_loop took 0.009s
2025-07-29 22:42:35,890 - INFO - log_performance:59 - Performance: game_loop took 0.004s
2025-07-29 22:42:35,997 - INFO - log_performance:59 - Performance: game_loop took 0.004s
2025-07-29 22:42:36,104 - INFO - log_performance:59 - Performance: game_loop took 0.005s
2025-07-29 22:42:36,222 - INFO - log_performance:59 - Performance: game_loop took 0.010s
2025-07-29 22:42:36,328 - INFO - log_performance:59 - Performance: game_loop took 0.005s
2025-07-29 22:42:36,439 - INFO - log_performance:59 - Performance: game_loop took 0.009s
2025-07-29 22:42:36,558 - INFO - log_performance:59 - Performance: game_loop took 0.004s
2025-07-29 22:42:44,641 - INFO - log_user_action:63 - User Action: mode_changed - {'old_mode': 'ai_battle', 'new_mode': 'ai_battle'}
2025-07-29 22:42:56,912 - INFO - log_performance:59 - Performance: game_loop took 0.031s
2025-07-29 22:42:57,035 - INFO - log_performance:59 - Performance: game_loop took 0.010s
2025-07-29 22:42:57,142 - INFO - log_performance:59 - Performance: game_loop took 0.006s
2025-07-29 22:42:57,253 - INFO - log_performance:59 - Performance: game_loop took 0.010s
2025-07-29 22:42:57,362 - INFO - log_performance:59 - Performance: game_loop took 0.007s
2025-07-29 22:42:57,472 - INFO - log_performance:59 - Performance: game_loop took 0.010s
2025-07-29 22:42:57,595 - INFO - log_performance:59 - Performance: game_loop took 0.007s
2025-07-29 22:42:57,706 - INFO - log_performance:59 - Performance: game_loop took 0.008s
2025-07-29 22:42:57,813 - INFO - log_performance:59 - Performance: game_loop took 0.006s
2025-07-29 22:42:57,924 - INFO - log_performance:59 - Performance: game_loop took 0.007s
2025-07-29 22:42:58,033 - INFO - log_performance:59 - Performance: game_loop took 0.006s
2025-07-29 22:42:58,143 - INFO - log_performance:59 - Performance: game_loop took 0.006s
2025-07-29 22:42:58,251 - INFO - log_performance:59 - Performance: game_loop took 0.006s
2025-07-29 22:42:58,360 - INFO - log_performance:59 - Performance: game_loop took 0.006s
2025-07-29 22:42:58,470 - INFO - log_performance:59 - Performance: game_loop took 0.006s
2025-07-29 22:42:58,580 - INFO - log_performance:59 - Performance: game_loop took 0.009s
2025-07-29 22:42:58,688 - INFO - log_performance:59 - Performance: game_loop took 0.007s
2025-07-29 22:42:58,798 - INFO - log_performance:59 - Performance: game_loop took 0.008s
2025-07-29 22:42:58,908 - INFO - log_performance:59 - Performance: game_loop took 0.009s
2025-07-29 22:42:59,019 - INFO - log_performance:59 - Performance: game_loop took 0.010s
2025-07-29 22:42:59,139 - INFO - log_performance:59 - Performance: game_loop took 0.006s
2025-07-29 22:42:59,253 - INFO - log_performance:59 - Performance: game_loop took 0.010s
2025-07-29 22:42:59,377 - INFO - log_performance:59 - Performance: game_loop took 0.011s
2025-07-29 22:42:59,487 - INFO - log_performance:59 - Performance: game_loop took 0.009s
2025-07-29 22:42:59,608 - INFO - log_performance:59 - Performance: game_loop took 0.010s
2025-07-29 22:42:59,719 - INFO - log_performance:59 - Performance: game_loop took 0.010s
2025-07-29 22:42:59,826 - INFO - log_performance:59 - Performance: game_loop took 0.006s
2025-07-29 22:42:59,939 - INFO - log_performance:59 - Performance: game_loop took 0.010s
2025-07-29 22:43:00,059 - INFO - log_performance:59 - Performance: game_loop took 0.006s
2025-07-29 22:43:00,173 - INFO - log_performance:59 - Performance: game_loop took 0.007s
2025-07-29 22:43:00,285 - INFO - log_performance:59 - Performance: game_loop took 0.009s
2025-07-29 22:43:00,404 - INFO - log_performance:59 - Performance: game_loop took 0.007s
2025-07-29 22:43:00,518 - INFO - log_performance:59 - Performance: game_loop took 0.009s
2025-07-29 22:43:00,642 - INFO - log_performance:59 - Performance: game_loop took 0.009s
2025-07-29 22:43:00,761 - INFO - log_performance:59 - Performance: game_loop took 0.006s
2025-07-29 22:43:00,873 - INFO - log_performance:59 - Performance: game_loop took 0.007s
2025-07-29 22:43:00,982 - INFO - log_performance:59 - Performance: game_loop took 0.008s
2025-07-29 22:43:01,090 - INFO - log_performance:59 - Performance: game_loop took 0.006s
2025-07-29 22:43:01,200 - INFO - log_performance:59 - Performance: game_loop took 0.007s
2025-07-29 22:43:01,312 - INFO - log_performance:59 - Performance: game_loop took 0.010s
2025-07-29 22:43:01,422 - INFO - log_performance:59 - Performance: game_loop took 0.009s
2025-07-29 22:43:01,533 - INFO - log_performance:59 - Performance: game_loop took 0.010s
2025-07-29 22:43:01,655 - INFO - log_performance:59 - Performance: game_loop took 0.009s
2025-07-29 22:43:01,767 - INFO - log_performance:59 - Performance: game_loop took 0.010s
2025-07-29 22:43:01,890 - INFO - log_performance:59 - Performance: game_loop took 0.010s
2025-07-29 22:43:02,002 - INFO - log_performance:59 - Performance: game_loop took 0.009s
2025-07-29 22:43:02,123 - INFO - log_performance:59 - Performance: game_loop took 0.010s
2025-07-29 22:43:02,243 - INFO - log_performance:59 - Performance: game_loop took 0.006s
2025-07-29 22:43:02,359 - INFO - log_performance:59 - Performance: game_loop took 0.011s
2025-07-29 22:43:02,470 - INFO - log_performance:59 - Performance: game_loop took 0.009s
2025-07-29 22:43:02,577 - INFO - log_performance:59 - Performance: game_loop took 0.006s
2025-07-29 22:43:02,685 - INFO - log_performance:59 - Performance: game_loop took 0.006s
2025-07-29 22:43:02,802 - INFO - log_performance:59 - Performance: game_loop took 0.010s
2025-07-29 22:43:02,922 - INFO - log_performance:59 - Performance: game_loop took 0.010s
2025-07-29 22:43:03,032 - INFO - log_performance:59 - Performance: game_loop took 0.008s
2025-07-29 22:43:03,140 - INFO - log_performance:59 - Performance: game_loop took 0.007s
2025-07-29 22:43:03,250 - INFO - log_performance:59 - Performance: game_loop took 0.007s
2025-07-29 22:43:03,359 - INFO - log_performance:59 - Performance: game_loop took 0.009s
2025-07-29 22:43:03,469 - INFO - log_performance:59 - Performance: game_loop took 0.008s
2025-07-29 22:43:03,591 - INFO - log_performance:59 - Performance: game_loop took 0.009s
2025-07-29 22:43:03,702 - INFO - log_performance:59 - Performance: game_loop took 0.009s
2025-07-29 22:43:03,827 - INFO - log_performance:59 - Performance: game_loop took 0.010s
2025-07-29 22:43:03,941 - INFO - log_performance:59 - Performance: game_loop took 0.010s
2025-07-29 22:43:04,052 - INFO - log_performance:59 - Performance: game_loop took 0.010s
2025-07-29 22:43:04,168 - INFO - log_performance:59 - Performance: game_loop took 0.009s
2025-07-29 22:43:04,279 - INFO - log_performance:59 - Performance: game_loop took 0.009s
2025-07-29 22:43:04,392 - INFO - log_performance:59 - Performance: game_loop took 0.008s
2025-07-29 22:43:04,504 - INFO - log_performance:59 - Performance: game_loop took 0.006s
2025-07-29 22:43:04,625 - INFO - log_performance:59 - Performance: game_loop took 0.011s
2025-07-29 22:43:04,737 - INFO - log_performance:59 - Performance: game_loop took 0.009s
2025-07-29 22:43:04,853 - INFO - log_performance:59 - Performance: game_loop took 0.008s
2025-07-29 22:43:04,966 - INFO - log_performance:59 - Performance: game_loop took 0.013s
2025-07-29 22:43:05,081 - INFO - log_performance:59 - Performance: game_loop took 0.011s
2025-07-29 22:43:05,189 - INFO - log_performance:59 - Performance: game_loop took 0.007s
2025-07-29 22:43:05,298 - INFO - log_performance:59 - Performance: game_loop took 0.006s
2025-07-29 22:43:05,415 - INFO - log_performance:59 - Performance: game_loop took 0.007s
2025-07-29 22:43:05,525 - INFO - log_performance:59 - Performance: game_loop took 0.009s
2025-07-29 22:43:05,644 - INFO - log_performance:59 - Performance: game_loop took 0.010s
2025-07-29 22:43:05,756 - INFO - log_performance:59 - Performance: game_loop took 0.009s
2025-07-29 22:43:05,873 - INFO - log_performance:59 - Performance: game_loop took 0.012s
2025-07-29 22:43:05,986 - INFO - log_performance:59 - Performance: game_loop took 0.011s
2025-07-29 22:43:06,100 - INFO - log_performance:59 - Performance: game_loop took 0.006s
2025-07-29 22:43:06,209 - INFO - log_performance:59 - Performance: game_loop took 0.006s
2025-07-29 22:43:06,322 - INFO - log_performance:59 - Performance: game_loop took 0.008s
2025-07-29 22:43:06,440 - INFO - log_performance:59 - Performance: game_loop took 0.010s
2025-07-29 22:43:06,556 - INFO - log_performance:59 - Performance: game_loop took 0.006s
2025-07-29 22:43:06,664 - INFO - log_performance:59 - Performance: game_loop took 0.006s
2025-07-29 22:43:06,773 - INFO - log_performance:59 - Performance: game_loop took 0.007s
2025-07-29 22:43:06,885 - INFO - log_performance:59 - Performance: game_loop took 0.010s
2025-07-29 22:43:07,005 - INFO - log_performance:59 - Performance: game_loop took 0.010s
2025-07-29 22:43:07,114 - INFO - log_performance:59 - Performance: game_loop took 0.009s
2025-07-29 22:43:07,224 - INFO - log_performance:59 - Performance: game_loop took 0.006s
2025-07-29 22:43:07,347 - INFO - log_performance:59 - Performance: game_loop took 0.017s
2025-07-29 22:43:07,469 - INFO - log_performance:59 - Performance: game_loop took 0.011s
2025-07-29 22:43:07,590 - INFO - log_performance:59 - Performance: game_loop took 0.008s
2025-07-29 22:43:07,704 - INFO - log_performance:59 - Performance: game_loop took 0.009s
2025-07-29 22:43:07,825 - INFO - log_performance:59 - Performance: game_loop took 0.007s
2025-07-29 22:43:07,934 - INFO - log_performance:59 - Performance: game_loop took 0.008s
2025-07-29 22:43:08,045 - INFO - log_performance:59 - Performance: game_loop took 0.007s
2025-07-29 22:43:08,156 - INFO - log_performance:59 - Performance: game_loop took 0.008s
2025-07-29 22:43:08,263 - INFO - log_performance:59 - Performance: game_loop took 0.006s
2025-07-29 22:43:08,375 - INFO - log_performance:59 - Performance: game_loop took 0.009s
2025-07-29 22:43:08,485 - INFO - log_performance:59 - Performance: game_loop took 0.009s
2025-07-29 22:43:08,595 - INFO - log_performance:59 - Performance: game_loop took 0.008s
2025-07-29 22:43:08,708 - INFO - log_performance:59 - Performance: game_loop took 0.010s
2025-07-29 22:43:08,823 - INFO - log_performance:59 - Performance: game_loop took 0.006s
2025-07-29 22:43:08,931 - INFO - log_performance:59 - Performance: game_loop took 0.006s
2025-07-29 22:43:09,044 - INFO - log_performance:59 - Performance: game_loop took 0.011s
2025-07-29 22:43:09,159 - INFO - log_performance:59 - Performance: game_loop took 0.011s
2025-07-29 22:43:09,273 - INFO - log_performance:59 - Performance: game_loop took 0.006s
2025-07-29 22:43:09,387 - INFO - log_performance:59 - Performance: game_loop took 0.011s
2025-07-29 22:43:09,499 - INFO - log_performance:59 - Performance: game_loop took 0.009s
2025-07-29 22:43:09,612 - INFO - log_performance:59 - Performance: game_loop took 0.011s
2025-07-29 22:43:09,729 - INFO - log_performance:59 - Performance: game_loop took 0.010s
2025-07-29 22:43:09,841 - INFO - log_performance:59 - Performance: game_loop took 0.006s
2025-07-29 22:43:09,960 - INFO - log_performance:59 - Performance: game_loop took 0.014s
2025-07-29 22:43:10,076 - INFO - log_performance:59 - Performance: game_loop took 0.010s
2025-07-29 22:43:10,191 - INFO - log_performance:59 - Performance: game_loop took 0.011s
2025-07-29 22:43:10,299 - INFO - log_performance:59 - Performance: game_loop took 0.006s
2025-07-29 22:43:10,410 - INFO - log_performance:59 - Performance: game_loop took 0.010s
2025-07-29 22:43:10,532 - INFO - log_performance:59 - Performance: game_loop took 0.011s
2025-07-29 22:43:10,643 - INFO - log_performance:59 - Performance: game_loop took 0.010s
2025-07-29 22:43:10,753 - INFO - log_performance:59 - Performance: game_loop took 0.007s
2025-07-29 22:43:10,875 - INFO - log_performance:59 - Performance: game_loop took 0.010s
2025-07-29 22:43:10,989 - INFO - log_performance:59 - Performance: game_loop took 0.012s
2025-07-29 22:43:11,104 - INFO - log_performance:59 - Performance: game_loop took 0.010s
2025-07-29 22:43:11,216 - INFO - log_performance:59 - Performance: game_loop took 0.009s
2025-07-29 22:43:11,324 - INFO - log_performance:59 - Performance: game_loop took 0.005s
2025-07-29 22:43:11,439 - INFO - log_performance:59 - Performance: game_loop took 0.011s
2025-07-29 22:43:11,556 - INFO - log_performance:59 - Performance: game_loop took 0.006s
2025-07-29 22:43:11,669 - INFO - log_performance:59 - Performance: game_loop took 0.012s
2025-07-29 22:43:11,785 - INFO - log_performance:59 - Performance: game_loop took 0.011s
2025-07-29 22:43:11,898 - INFO - log_performance:59 - Performance: game_loop took 0.012s
2025-07-29 22:43:12,007 - INFO - log_performance:59 - Performance: game_loop took 0.006s
2025-07-29 22:43:12,118 - INFO - log_performance:59 - Performance: game_loop took 0.010s
2025-07-29 22:43:12,229 - INFO - log_performance:59 - Performance: game_loop took 0.006s
2025-07-29 22:43:12,341 - INFO - log_performance:59 - Performance: game_loop took 0.007s
2025-07-29 22:43:12,453 - INFO - log_performance:59 - Performance: game_loop took 0.008s
2025-07-29 22:43:12,563 - INFO - log_performance:59 - Performance: game_loop took 0.009s
2025-07-29 22:43:12,672 - INFO - log_performance:59 - Performance: game_loop took 0.007s
2025-07-29 22:43:12,781 - INFO - log_performance:59 - Performance: game_loop took 0.007s
2025-07-29 22:43:12,897 - INFO - log_performance:59 - Performance: game_loop took 0.007s
2025-07-29 22:43:13,007 - INFO - log_performance:59 - Performance: game_loop took 0.006s
2025-07-29 22:43:13,121 - INFO - log_performance:59 - Performance: game_loop took 0.011s
2025-07-29 22:43:13,236 - INFO - log_performance:59 - Performance: game_loop took 0.008s
2025-07-29 22:43:13,348 - INFO - log_performance:59 - Performance: game_loop took 0.008s
2025-07-29 22:43:13,463 - INFO - log_performance:59 - Performance: game_loop took 0.010s
2025-07-29 22:43:13,578 - INFO - log_performance:59 - Performance: game_loop took 0.006s
2025-07-29 22:43:13,689 - INFO - log_performance:59 - Performance: game_loop took 0.009s
2025-07-29 22:43:13,798 - INFO - log_performance:59 - Performance: game_loop took 0.009s
2025-07-29 22:43:13,913 - INFO - log_performance:59 - Performance: game_loop took 0.011s
2025-07-29 22:43:14,037 - INFO - log_performance:59 - Performance: game_loop took 0.010s
2025-07-29 22:43:14,157 - INFO - log_performance:59 - Performance: game_loop took 0.010s
2025-07-29 22:43:14,270 - INFO - log_performance:59 - Performance: game_loop took 0.007s
2025-07-29 22:43:14,394 - INFO - log_performance:59 - Performance: game_loop took 0.012s
2025-07-29 22:43:14,504 - INFO - log_performance:59 - Performance: game_loop took 0.008s
2025-07-29 22:43:14,613 - INFO - log_performance:59 - Performance: game_loop took 0.009s
2025-07-29 22:43:14,723 - INFO - log_performance:59 - Performance: game_loop took 0.009s
2025-07-29 22:43:14,833 - INFO - log_performance:59 - Performance: game_loop took 0.009s
2025-07-29 22:43:14,956 - INFO - log_performance:59 - Performance: game_loop took 0.010s
2025-07-29 22:43:15,068 - INFO - log_performance:59 - Performance: game_loop took 0.009s
2025-07-29 22:43:15,188 - INFO - log_performance:59 - Performance: game_loop took 0.010s
2025-07-29 22:43:15,298 - INFO - log_performance:59 - Performance: game_loop took 0.006s
2025-07-29 22:43:15,414 - INFO - log_performance:59 - Performance: game_loop took 0.010s
2025-07-29 22:43:15,538 - INFO - log_performance:59 - Performance: game_loop took 0.012s
2025-07-29 22:43:15,659 - INFO - log_performance:59 - Performance: game_loop took 0.012s
2025-07-29 22:43:15,768 - INFO - log_performance:59 - Performance: game_loop took 0.008s
2025-07-29 22:43:15,874 - INFO - log_performance:59 - Performance: game_loop took 0.006s
2025-07-29 22:43:15,984 - INFO - log_performance:59 - Performance: game_loop took 0.006s
2025-07-29 22:43:16,093 - INFO - log_performance:59 - Performance: game_loop took 0.007s
2025-07-29 22:43:16,201 - INFO - log_performance:59 - Performance: game_loop took 0.006s
2025-07-29 22:43:16,310 - INFO - log_performance:59 - Performance: game_loop took 0.007s
2025-07-29 22:43:16,418 - INFO - log_performance:59 - Performance: game_loop took 0.006s
2025-07-29 22:43:16,530 - INFO - log_performance:59 - Performance: game_loop took 0.010s
2025-07-29 22:43:16,643 - INFO - log_performance:59 - Performance: game_loop took 0.009s
2025-07-29 22:43:16,755 - INFO - log_performance:59 - Performance: game_loop took 0.012s
2025-07-29 22:43:16,874 - INFO - log_performance:59 - Performance: game_loop took 0.006s
2025-07-29 22:43:16,985 - INFO - log_performance:59 - Performance: game_loop took 0.009s
2025-07-29 22:43:17,104 - INFO - log_performance:59 - Performance: game_loop took 0.006s
2025-07-29 22:43:17,212 - INFO - log_performance:59 - Performance: game_loop took 0.006s
2025-07-29 22:43:17,321 - INFO - log_performance:59 - Performance: game_loop took 0.006s
2025-07-29 22:43:17,437 - INFO - log_performance:59 - Performance: game_loop took 0.011s
2025-07-29 22:43:17,554 - INFO - log_performance:59 - Performance: game_loop took 0.011s
2025-07-29 22:43:17,668 - INFO - log_performance:59 - Performance: game_loop took 0.009s
2025-07-29 22:43:17,787 - INFO - log_performance:59 - Performance: game_loop took 0.010s
2025-07-29 22:43:17,904 - INFO - log_performance:59 - Performance: game_loop took 0.013s
2025-07-29 22:43:18,015 - INFO - log_performance:59 - Performance: game_loop took 0.010s
2025-07-29 22:43:18,131 - INFO - log_performance:59 - Performance: game_loop took 0.013s
2025-07-29 22:43:18,253 - INFO - log_performance:59 - Performance: game_loop took 0.009s
2025-07-29 22:43:18,360 - INFO - log_performance:59 - Performance: game_loop took 0.006s
2025-07-29 22:43:18,471 - INFO - log_performance:59 - Performance: game_loop took 0.008s
2025-07-29 22:43:18,582 - INFO - log_performance:59 - Performance: game_loop took 0.010s
2025-07-29 22:43:18,698 - INFO - log_performance:59 - Performance: game_loop took 0.006s
2025-07-29 22:43:18,814 - INFO - log_performance:59 - Performance: game_loop took 0.012s
2025-07-29 22:43:18,940 - INFO - log_performance:59 - Performance: game_loop took 0.011s
2025-07-29 22:43:19,062 - INFO - log_performance:59 - Performance: game_loop took 0.010s
2025-07-29 22:43:19,174 - INFO - log_performance:59 - Performance: game_loop took 0.011s
2025-07-29 22:43:19,284 - INFO - log_performance:59 - Performance: game_loop took 0.009s
2025-07-29 22:43:19,401 - INFO - log_performance:59 - Performance: game_loop took 0.006s
2025-07-29 22:43:19,522 - INFO - log_performance:59 - Performance: game_loop took 0.011s
2025-07-29 22:43:19,636 - INFO - log_performance:59 - Performance: game_loop took 0.008s
2025-07-29 22:43:19,750 - INFO - log_performance:59 - Performance: game_loop took 0.011s
2025-07-29 22:43:19,860 - INFO - log_performance:59 - Performance: game_loop took 0.009s
2025-07-29 22:43:19,973 - INFO - log_performance:59 - Performance: game_loop took 0.012s
2025-07-29 22:43:20,098 - INFO - log_performance:59 - Performance: game_loop took 0.010s
2025-07-29 22:43:20,225 - INFO - log_performance:59 - Performance: game_loop took 0.011s
2025-07-29 22:43:20,340 - INFO - log_performance:59 - Performance: game_loop took 0.006s
2025-07-29 22:43:20,452 - INFO - log_performance:59 - Performance: game_loop took 0.011s
2025-07-29 22:43:20,567 - INFO - log_performance:59 - Performance: game_loop took 0.008s
2025-07-29 22:43:20,692 - INFO - log_performance:59 - Performance: game_loop took 0.008s
2025-07-29 22:43:20,815 - INFO - log_performance:59 - Performance: game_loop took 0.010s
2025-07-29 22:43:20,922 - INFO - log_performance:59 - Performance: game_loop took 0.006s
2025-07-29 22:43:21,033 - INFO - log_performance:59 - Performance: game_loop took 0.010s
2025-07-29 22:43:21,140 - INFO - log_performance:59 - Performance: game_loop took 0.007s
2025-07-29 22:43:21,254 - INFO - log_performance:59 - Performance: game_loop took 0.011s
2025-07-29 22:43:21,374 - INFO - log_performance:59 - Performance: game_loop took 0.007s
2025-07-29 22:43:21,491 - INFO - log_performance:59 - Performance: game_loop took 0.010s
2025-07-29 22:43:21,612 - INFO - log_performance:59 - Performance: game_loop took 0.010s
2025-07-29 22:43:21,724 - INFO - log_performance:59 - Performance: game_loop took 0.011s
2025-07-29 22:43:21,847 - INFO - log_performance:59 - Performance: game_loop took 0.007s
2025-07-29 22:43:21,954 - INFO - log_performance:59 - Performance: game_loop took 0.007s
2025-07-29 22:43:22,066 - INFO - log_performance:59 - Performance: game_loop took 0.007s
2025-07-29 22:43:22,173 - INFO - log_performance:59 - Performance: game_loop took 0.007s
2025-07-29 22:43:22,290 - INFO - log_performance:59 - Performance: game_loop took 0.012s
2025-07-29 22:43:22,405 - INFO - log_performance:59 - Performance: game_loop took 0.006s
2025-07-29 22:43:22,519 - INFO - log_performance:59 - Performance: game_loop took 0.011s
2025-07-29 22:43:22,628 - INFO - log_performance:59 - Performance: game_loop took 0.009s
2025-07-29 22:43:22,735 - INFO - log_performance:59 - Performance: game_loop took 0.006s
2025-07-29 22:43:22,851 - INFO - log_performance:59 - Performance: game_loop took 0.006s
2025-07-29 22:43:22,964 - INFO - log_performance:59 - Performance: game_loop took 0.007s
2025-07-29 22:43:23,089 - INFO - log_game_event:45 - Game Event: game_saved - {'score': 0, 'length': 3, 'duration': 38.4472279548645}
2025-07-29 22:43:23,090 - INFO - log_game_event:45 - Game Event: game_ended - {'score': 0, 'length': 3, 'duration': 38.43422889709473, 'ai_mode': False, 'ai_helper': False, 'game_mode': 'ai_battle'}
