2025-07-29 22:32:23,535 - DEBUG - wrapper:342 - matplotlib data path: D:\Python\SnakeTkinter\.venv\lib\site-packages\matplotlib\mpl-data
2025-07-29 22:32:23,542 - DEBUG - wrapper:342 - CONFIGDIR=C:\Users\user\.matplotlib
2025-07-29 22:32:23,543 - DEBUG - <module>:1557 - interactive is False
2025-07-29 22:32:23,543 - DEBUG - <module>:1558 - platform is win32
2025-07-29 22:32:23,636 - DEBUG - wrapper:342 - CACHEDIR=C:\Users\user\.matplotlib
2025-07-29 22:32:23,639 - DEBUG - _load_fontmanager:1635 - Using fontManager instance from C:\Users\user\.matplotlib\fontlist-v390.json
2025-07-29 22:32:33,374 - INFO - log_user_action:63 - User Action: mode_changed - {'old_mode': 'ai_battle', 'new_mode': 'ai_battle'}
2025-07-29 22:32:41,801 - INFO - log_performance:59 - Performance: game_loop took 0.014s
2025-07-29 22:32:41,910 - INFO - log_performance:59 - Performance: game_loop took 0.005s
2025-07-29 22:32:42,020 - INFO - log_performance:59 - Performance: game_loop took 0.008s
2025-07-29 22:32:42,130 - INFO - log_performance:59 - Performance: game_loop took 0.005s
2025-07-29 22:32:42,239 - INFO - log_performance:59 - Performance: game_loop took 0.004s
2025-07-29 22:32:42,348 - INFO - log_performance:59 - Performance: game_loop took 0.003s
2025-07-29 22:32:42,462 - INFO - log_performance:59 - Performance: game_loop took 0.007s
2025-07-29 22:32:42,569 - INFO - log_performance:59 - Performance: game_loop took 0.005s
2025-07-29 22:32:42,684 - INFO - log_performance:59 - Performance: game_loop took 0.010s
2025-07-29 22:32:42,801 - INFO - log_performance:59 - Performance: game_loop took 0.009s
2025-07-29 22:32:42,912 - INFO - log_performance:59 - Performance: game_loop took 0.007s
2025-07-29 22:32:43,021 - INFO - log_performance:59 - Performance: game_loop took 0.007s
2025-07-29 22:32:43,137 - INFO - log_performance:59 - Performance: game_loop took 0.007s
2025-07-29 22:32:43,248 - INFO - log_performance:59 - Performance: game_loop took 0.007s
2025-07-29 22:32:43,355 - INFO - log_performance:59 - Performance: game_loop took 0.004s
2025-07-29 22:32:43,464 - INFO - log_performance:59 - Performance: game_loop took 0.006s
2025-07-29 22:32:43,583 - INFO - log_performance:59 - Performance: game_loop took 0.008s
2025-07-29 22:32:43,692 - INFO - log_performance:59 - Performance: game_loop took 0.007s
2025-07-29 22:32:43,803 - INFO - log_performance:59 - Performance: game_loop took 0.008s
2025-07-29 22:32:43,913 - INFO - log_performance:59 - Performance: game_loop took 0.008s
2025-07-29 22:32:44,021 - INFO - log_performance:59 - Performance: game_loop took 0.007s
2025-07-29 22:32:44,141 - INFO - log_performance:59 - Performance: game_loop took 0.008s
2025-07-29 22:32:44,249 - INFO - log_performance:59 - Performance: game_loop took 0.006s
2025-07-29 22:32:44,357 - INFO - log_performance:59 - Performance: game_loop took 0.004s
2025-07-29 22:32:44,461 - INFO - log_performance:59 - Performance: game_loop took 0.003s
2025-07-29 22:32:44,573 - INFO - log_performance:59 - Performance: game_loop took 0.005s
2025-07-29 22:32:44,688 - INFO - log_performance:59 - Performance: game_loop took 0.007s
2025-07-29 22:32:44,800 - INFO - log_performance:59 - Performance: game_loop took 0.009s
2025-07-29 22:32:44,923 - INFO - log_performance:59 - Performance: game_loop took 0.009s
2025-07-29 22:32:45,033 - INFO - log_performance:59 - Performance: game_loop took 0.008s
2025-07-29 22:32:45,157 - INFO - log_performance:59 - Performance: game_loop took 0.007s
2025-07-29 22:32:45,266 - INFO - log_performance:59 - Performance: game_loop took 0.008s
2025-07-29 22:32:45,384 - INFO - log_performance:59 - Performance: game_loop took 0.003s
2025-07-29 22:32:45,496 - INFO - log_performance:59 - Performance: game_loop took 0.006s
2025-07-29 22:32:45,607 - INFO - log_performance:59 - Performance: game_loop took 0.007s
2025-07-29 22:32:45,722 - INFO - log_performance:59 - Performance: game_loop took 0.006s
2025-07-29 22:32:45,837 - INFO - log_performance:59 - Performance: game_loop took 0.006s
2025-07-29 22:32:45,948 - INFO - log_performance:59 - Performance: game_loop took 0.008s
2025-07-29 22:32:46,058 - INFO - log_performance:59 - Performance: game_loop took 0.008s
2025-07-29 22:32:46,167 - INFO - log_performance:59 - Performance: game_loop took 0.009s
2025-07-29 22:32:46,277 - INFO - log_performance:59 - Performance: game_loop took 0.007s
2025-07-29 22:32:46,391 - INFO - log_performance:59 - Performance: game_loop took 0.004s
2025-07-29 22:32:46,511 - INFO - log_performance:59 - Performance: game_loop took 0.007s
2025-07-29 22:32:46,623 - INFO - log_performance:59 - Performance: game_loop took 0.009s
2025-07-29 22:32:46,728 - INFO - log_performance:59 - Performance: game_loop took 0.004s
2025-07-29 22:32:46,838 - INFO - log_performance:59 - Performance: game_loop took 0.006s
2025-07-29 22:32:46,950 - INFO - log_performance:59 - Performance: game_loop took 0.008s
2025-07-29 22:32:47,060 - INFO - log_performance:59 - Performance: game_loop took 0.006s
2025-07-29 22:32:47,167 - INFO - log_performance:59 - Performance: game_loop took 0.006s
2025-07-29 22:32:47,277 - INFO - log_performance:59 - Performance: game_loop took 0.007s
2025-07-29 22:32:47,384 - INFO - log_performance:59 - Performance: game_loop took 0.003s
2025-07-29 22:32:47,493 - INFO - log_performance:59 - Performance: game_loop took 0.008s
2025-07-29 22:32:47,610 - INFO - log_performance:59 - Performance: game_loop took 0.007s
2025-07-29 22:32:47,722 - INFO - log_performance:59 - Performance: game_loop took 0.007s
2025-07-29 22:32:47,832 - INFO - log_performance:59 - Performance: game_loop took 0.007s
2025-07-29 22:32:47,944 - INFO - log_performance:59 - Performance: game_loop took 0.007s
2025-07-29 22:32:48,054 - INFO - log_performance:59 - Performance: game_loop took 0.009s
2025-07-29 22:32:48,163 - INFO - log_performance:59 - Performance: game_loop took 0.007s
2025-07-29 22:32:48,271 - INFO - log_performance:59 - Performance: game_loop took 0.007s
2025-07-29 22:32:48,378 - INFO - log_performance:59 - Performance: game_loop took 0.004s
2025-07-29 22:32:48,482 - INFO - log_performance:59 - Performance: game_loop took 0.003s
2025-07-29 22:32:48,591 - INFO - log_performance:59 - Performance: game_loop took 0.008s
2025-07-29 22:32:48,703 - INFO - log_performance:59 - Performance: game_loop took 0.008s
2025-07-29 22:32:48,816 - INFO - log_performance:59 - Performance: game_loop took 0.008s
2025-07-29 22:32:48,921 - INFO - log_performance:59 - Performance: game_loop took 0.003s
2025-07-29 22:32:49,035 - INFO - log_performance:59 - Performance: game_loop took 0.007s
2025-07-29 22:32:49,160 - INFO - log_performance:59 - Performance: game_loop took 0.008s
2025-07-29 22:32:49,275 - INFO - log_performance:59 - Performance: game_loop took 0.004s
2025-07-29 22:32:49,386 - INFO - log_performance:59 - Performance: game_loop took 0.004s
2025-07-29 22:32:49,492 - INFO - log_performance:59 - Performance: game_loop took 0.003s
2025-07-29 22:32:49,611 - INFO - log_performance:59 - Performance: game_loop took 0.008s
2025-07-29 22:32:49,721 - INFO - log_performance:59 - Performance: game_loop took 0.008s
2025-07-29 22:32:49,827 - INFO - log_performance:59 - Performance: game_loop took 0.005s
2025-07-29 22:32:49,937 - INFO - log_performance:59 - Performance: game_loop took 0.008s
2025-07-29 22:32:50,042 - INFO - log_performance:59 - Performance: game_loop took 0.004s
2025-07-29 22:32:50,153 - INFO - log_performance:59 - Performance: game_loop took 0.009s
2025-07-29 22:32:50,261 - INFO - log_performance:59 - Performance: game_loop took 0.007s
2025-07-29 22:32:50,370 - INFO - log_performance:59 - Performance: game_loop took 0.008s
2025-07-29 22:32:50,477 - INFO - log_performance:59 - Performance: game_loop took 0.003s
2025-07-29 22:32:50,590 - INFO - log_performance:59 - Performance: game_loop took 0.007s
2025-07-29 22:32:50,701 - INFO - log_performance:59 - Performance: game_loop took 0.009s
2025-07-29 22:32:50,809 - INFO - log_performance:59 - Performance: game_loop took 0.006s
2025-07-29 22:32:50,919 - INFO - log_performance:59 - Performance: game_loop took 0.006s
2025-07-29 22:32:51,035 - INFO - log_performance:59 - Performance: game_loop took 0.008s
2025-07-29 22:32:51,141 - INFO - log_performance:59 - Performance: game_loop took 0.003s
2025-07-29 22:32:51,248 - INFO - log_performance:59 - Performance: game_loop took 0.003s
2025-07-29 22:32:51,361 - INFO - log_performance:59 - Performance: game_loop took 0.005s
2025-07-29 22:32:51,472 - INFO - log_performance:59 - Performance: game_loop took 0.003s
2025-07-29 22:32:51,579 - INFO - log_performance:59 - Performance: game_loop took 0.004s
2025-07-29 22:32:51,694 - INFO - log_performance:59 - Performance: game_loop took 0.007s
2025-07-29 22:32:51,803 - INFO - log_performance:59 - Performance: game_loop took 0.008s
2025-07-29 22:32:51,910 - INFO - log_performance:59 - Performance: game_loop took 0.005s
2025-07-29 22:32:52,019 - INFO - log_performance:59 - Performance: game_loop took 0.007s
2025-07-29 22:32:52,128 - INFO - log_performance:59 - Performance: game_loop took 0.007s
2025-07-29 22:32:52,252 - INFO - log_performance:59 - Performance: game_loop took 0.008s
2025-07-29 22:32:52,362 - INFO - log_performance:59 - Performance: game_loop took 0.008s
2025-07-29 22:32:52,467 - INFO - log_performance:59 - Performance: game_loop took 0.003s
2025-07-29 22:32:52,575 - INFO - log_performance:59 - Performance: game_loop took 0.006s
2025-07-29 22:32:52,690 - INFO - log_performance:59 - Performance: game_loop took 0.007s
2025-07-29 22:32:52,801 - INFO - log_performance:59 - Performance: game_loop took 0.010s
2025-07-29 22:32:52,918 - INFO - log_performance:59 - Performance: game_loop took 0.007s
2025-07-29 22:32:53,031 - INFO - log_performance:59 - Performance: game_loop took 0.008s
2025-07-29 22:32:53,142 - INFO - log_performance:59 - Performance: game_loop took 0.008s
2025-07-29 22:32:53,251 - INFO - log_performance:59 - Performance: game_loop took 0.008s
2025-07-29 22:32:53,358 - INFO - log_performance:59 - Performance: game_loop took 0.005s
2025-07-29 22:32:53,465 - INFO - log_performance:59 - Performance: game_loop took 0.005s
2025-07-29 22:32:53,576 - INFO - log_performance:59 - Performance: game_loop took 0.007s
2025-07-29 22:32:53,685 - INFO - log_performance:59 - Performance: game_loop took 0.007s
2025-07-29 22:32:53,795 - INFO - log_performance:59 - Performance: game_loop took 0.007s
2025-07-29 22:32:53,906 - INFO - log_performance:59 - Performance: game_loop took 0.009s
2025-07-29 22:32:54,015 - INFO - log_performance:59 - Performance: game_loop took 0.007s
2025-07-29 22:32:54,119 - INFO - log_performance:59 - Performance: game_loop took 0.004s
2025-07-29 22:32:54,232 - INFO - log_performance:59 - Performance: game_loop took 0.007s
2025-07-29 22:32:54,337 - INFO - log_performance:59 - Performance: game_loop took 0.004s
2025-07-29 22:32:54,447 - INFO - log_performance:59 - Performance: game_loop took 0.003s
2025-07-29 22:32:54,556 - INFO - log_performance:59 - Performance: game_loop took 0.005s
2025-07-29 22:32:54,664 - INFO - log_performance:59 - Performance: game_loop took 0.003s
2025-07-29 22:32:54,778 - INFO - log_performance:59 - Performance: game_loop took 0.008s
2025-07-29 22:32:54,886 - INFO - log_performance:59 - Performance: game_loop took 0.006s
2025-07-29 22:32:54,996 - INFO - log_performance:59 - Performance: game_loop took 0.008s
2025-07-29 22:32:55,108 - INFO - log_performance:59 - Performance: game_loop took 0.007s
2025-07-29 22:32:55,216 - INFO - log_performance:59 - Performance: game_loop took 0.006s
2025-07-29 22:32:55,326 - INFO - log_performance:59 - Performance: game_loop took 0.006s
2025-07-29 22:32:55,437 - INFO - log_performance:59 - Performance: game_loop took 0.005s
2025-07-29 22:32:55,556 - INFO - log_performance:59 - Performance: game_loop took 0.005s
2025-07-29 22:32:55,665 - INFO - log_performance:59 - Performance: game_loop took 0.004s
2025-07-29 22:32:55,776 - INFO - log_performance:59 - Performance: game_loop took 0.007s
2025-07-29 22:32:55,884 - INFO - log_performance:59 - Performance: game_loop took 0.007s
2025-07-29 22:32:55,991 - INFO - log_performance:59 - Performance: game_loop took 0.006s
2025-07-29 22:32:56,100 - INFO - log_performance:59 - Performance: game_loop took 0.006s
2025-07-29 22:32:56,208 - INFO - log_performance:59 - Performance: game_loop took 0.007s
2025-07-29 22:32:56,318 - INFO - log_performance:59 - Performance: game_loop took 0.006s
2025-07-29 22:32:56,424 - INFO - log_performance:59 - Performance: game_loop took 0.003s
2025-07-29 22:32:56,537 - INFO - log_performance:59 - Performance: game_loop took 0.004s
2025-07-29 22:32:56,648 - INFO - log_performance:59 - Performance: game_loop took 0.006s
2025-07-29 22:32:56,753 - INFO - log_performance:59 - Performance: game_loop took 0.003s
2025-07-29 22:32:56,866 - INFO - log_performance:59 - Performance: game_loop took 0.004s
2025-07-29 22:32:56,980 - INFO - log_performance:59 - Performance: game_loop took 0.007s
2025-07-29 22:32:57,089 - INFO - log_performance:59 - Performance: game_loop took 0.007s
2025-07-29 22:32:57,201 - INFO - log_performance:59 - Performance: game_loop took 0.009s
2025-07-29 22:32:57,311 - INFO - log_performance:59 - Performance: game_loop took 0.007s
2025-07-29 22:32:57,419 - INFO - log_performance:59 - Performance: game_loop took 0.007s
2025-07-29 22:32:57,524 - INFO - log_performance:59 - Performance: game_loop took 0.003s
2025-07-29 22:32:57,641 - INFO - log_performance:59 - Performance: game_loop took 0.009s
2025-07-29 22:32:57,748 - INFO - log_performance:59 - Performance: game_loop took 0.007s
2025-07-29 22:32:57,853 - INFO - log_performance:59 - Performance: game_loop took 0.004s
2025-07-29 22:32:57,967 - INFO - log_performance:59 - Performance: game_loop took 0.007s
2025-07-29 22:32:58,075 - INFO - log_performance:59 - Performance: game_loop took 0.007s
2025-07-29 22:32:58,185 - INFO - log_performance:59 - Performance: game_loop took 0.008s
2025-07-29 22:32:58,293 - INFO - log_performance:59 - Performance: game_loop took 0.008s
2025-07-29 22:32:58,401 - INFO - log_performance:59 - Performance: game_loop took 0.007s
2025-07-29 22:32:58,508 - INFO - log_performance:59 - Performance: game_loop took 0.004s
2025-07-29 22:32:58,624 - INFO - log_performance:59 - Performance: game_loop took 0.008s
2025-07-29 22:32:58,732 - INFO - log_performance:59 - Performance: game_loop took 0.007s
2025-07-29 22:32:58,840 - INFO - log_performance:59 - Performance: game_loop took 0.007s
2025-07-29 22:32:58,950 - INFO - log_performance:59 - Performance: game_loop took 0.009s
2025-07-29 22:32:59,064 - INFO - log_performance:59 - Performance: game_loop took 0.007s
2025-07-29 22:32:59,176 - INFO - log_performance:59 - Performance: game_loop took 0.003s
2025-07-29 22:32:59,286 - INFO - log_performance:59 - Performance: game_loop took 0.006s
2025-07-29 22:32:59,413 - INFO - log_game_event:45 - Game Event: game_saved - {'score': 2, 'length': 5, 'duration': 26.02634882926941}
2025-07-29 22:32:59,414 - INFO - log_game_event:45 - Game Event: game_ended - {'score': 2, 'length': 5, 'duration': 26.025350332260132, 'ai_mode': False, 'ai_helper': False, 'game_mode': 'ai_battle'}
2025-07-29 22:33:05,685 - INFO - log_performance:59 - Performance: game_loop took 0.004s
2025-07-29 22:33:05,801 - INFO - log_performance:59 - Performance: game_loop took 0.005s
2025-07-29 22:33:05,914 - INFO - log_performance:59 - Performance: game_loop took 0.006s
2025-07-29 22:33:06,023 - INFO - log_performance:59 - Performance: game_loop took 0.007s
2025-07-29 22:33:06,132 - INFO - log_performance:59 - Performance: game_loop took 0.005s
2025-07-29 22:33:06,242 - INFO - log_performance:59 - Performance: game_loop took 0.004s
2025-07-29 22:33:06,353 - INFO - log_performance:59 - Performance: game_loop took 0.004s
2025-07-29 22:33:06,462 - INFO - log_performance:59 - Performance: game_loop took 0.004s
2025-07-29 22:33:06,571 - INFO - log_performance:59 - Performance: game_loop took 0.004s
2025-07-29 22:33:06,680 - INFO - log_performance:59 - Performance: game_loop took 0.004s
2025-07-29 22:33:06,793 - INFO - log_performance:59 - Performance: game_loop took 0.004s
2025-07-29 22:33:06,905 - INFO - log_performance:59 - Performance: game_loop took 0.005s
2025-07-29 22:33:07,010 - INFO - log_performance:59 - Performance: game_loop took 0.005s
2025-07-29 22:33:07,128 - INFO - log_performance:59 - Performance: game_loop took 0.008s
2025-07-29 22:33:07,237 - INFO - log_performance:59 - Performance: game_loop took 0.008s
2025-07-29 22:33:07,344 - INFO - log_performance:59 - Performance: game_loop took 0.006s
2025-07-29 22:33:07,457 - INFO - log_performance:59 - Performance: game_loop took 0.006s
2025-07-29 22:33:07,563 - INFO - log_performance:59 - Performance: game_loop took 0.004s
2025-07-29 22:33:07,673 - INFO - log_performance:59 - Performance: game_loop took 0.003s
2025-07-29 22:33:07,780 - INFO - log_performance:59 - Performance: game_loop took 0.005s
2025-07-29 22:33:07,892 - INFO - log_performance:59 - Performance: game_loop took 0.008s
2025-07-29 22:33:07,999 - INFO - log_performance:59 - Performance: game_loop took 0.006s
2025-07-29 22:33:08,105 - INFO - log_performance:59 - Performance: game_loop took 0.005s
2025-07-29 22:33:08,221 - INFO - log_performance:59 - Performance: game_loop took 0.008s
2025-07-29 22:33:08,329 - INFO - log_performance:59 - Performance: game_loop took 0.006s
2025-07-29 22:33:08,435 - INFO - log_performance:59 - Performance: game_loop took 0.004s
2025-07-29 22:33:08,547 - INFO - log_performance:59 - Performance: game_loop took 0.008s
2025-07-29 22:33:08,653 - INFO - log_performance:59 - Performance: game_loop took 0.004s
2025-07-29 22:33:08,762 - INFO - log_performance:59 - Performance: game_loop took 0.007s
2025-07-29 22:33:08,873 - INFO - log_performance:59 - Performance: game_loop took 0.008s
2025-07-29 22:33:08,985 - INFO - log_performance:59 - Performance: game_loop took 0.008s
2025-07-29 22:33:09,089 - INFO - log_performance:59 - Performance: game_loop took 0.004s
2025-07-29 22:33:09,200 - INFO - log_performance:59 - Performance: game_loop took 0.008s
2025-07-29 22:33:09,308 - INFO - log_performance:59 - Performance: game_loop took 0.006s
2025-07-29 22:33:09,420 - INFO - log_performance:59 - Performance: game_loop took 0.007s
2025-07-29 22:33:09,528 - INFO - log_performance:59 - Performance: game_loop took 0.007s
2025-07-29 22:33:09,634 - INFO - log_performance:59 - Performance: game_loop took 0.004s
2025-07-29 22:33:09,750 - INFO - log_performance:59 - Performance: game_loop took 0.009s
2025-07-29 22:33:09,858 - INFO - log_performance:59 - Performance: game_loop took 0.008s
2025-07-29 22:33:09,967 - INFO - log_performance:59 - Performance: game_loop took 0.008s
2025-07-29 22:33:10,075 - INFO - log_performance:59 - Performance: game_loop took 0.007s
2025-07-29 22:33:10,184 - INFO - log_performance:59 - Performance: game_loop took 0.008s
2025-07-29 22:33:10,294 - INFO - log_performance:59 - Performance: game_loop took 0.008s
2025-07-29 22:33:10,405 - INFO - log_performance:59 - Performance: game_loop took 0.009s
2025-07-29 22:33:10,526 - INFO - log_performance:59 - Performance: game_loop took 0.007s
2025-07-29 22:33:10,631 - INFO - log_performance:59 - Performance: game_loop took 0.004s
2025-07-29 22:33:10,744 - INFO - log_performance:59 - Performance: game_loop took 0.006s
2025-07-29 22:33:10,857 - INFO - log_performance:59 - Performance: game_loop took 0.007s
2025-07-29 22:33:10,980 - INFO - log_game_event:45 - Game Event: game_saved - {'score': 0, 'length': 3, 'duration': 9.331245183944702}
2025-07-29 22:33:10,981 - INFO - log_game_event:45 - Game Event: game_ended - {'score': 0, 'length': 3, 'duration': 9.330209970474243, 'ai_mode': False, 'ai_helper': False, 'game_mode': 'ai_battle'}
