2025-07-29 22:27:01,427 - DEBUG - wrapper:342 - matplotlib data path: D:\Python\SnakeTkinter\.venv\lib\site-packages\matplotlib\mpl-data
2025-07-29 22:27:01,435 - DEBUG - wrapper:342 - CONFIGDIR=C:\Users\user\.matplotlib
2025-07-29 22:27:01,437 - DEBUG - <module>:1557 - interactive is False
2025-07-29 22:27:01,437 - DEBUG - <module>:1558 - platform is win32
2025-07-29 22:27:01,507 - DEBUG - wrapper:342 - CACHEDIR=C:\Users\user\.matplotlib
2025-07-29 22:27:01,511 - DEBUG - _load_fontmanager:1635 - Using fontManager instance from C:\Users\user\.matplotlib\fontlist-v390.json
2025-07-29 22:27:06,532 - INFO - log_performance:59 - Performance: game_loop took 0.059s
2025-07-29 22:27:06,661 - INFO - log_performance:59 - Performance: game_loop took 0.012s
2025-07-29 22:27:06,778 - INFO - log_performance:59 - Performance: game_loop took 0.007s
2025-07-29 22:27:06,888 - INFO - log_performance:59 - Performance: game_loop took 0.005s
2025-07-29 22:27:07,000 - INFO - log_performance:59 - Performance: game_loop took 0.009s
2025-07-29 22:27:07,113 - INFO - log_performance:59 - Performance: game_loop took 0.007s
2025-07-29 22:27:07,259 - INFO - log_performance:59 - Performance: game_loop took 0.032s
2025-07-29 22:27:07,390 - INFO - log_performance:59 - Performance: game_loop took 0.019s
2025-07-29 22:27:07,526 - INFO - log_performance:59 - Performance: game_loop took 0.027s
2025-07-29 22:27:07,642 - INFO - log_performance:59 - Performance: game_loop took 0.011s
2025-07-29 22:27:07,756 - INFO - log_performance:59 - Performance: game_loop took 0.005s
2025-07-29 22:27:07,870 - INFO - log_performance:59 - Performance: game_loop took 0.007s
2025-07-29 22:27:07,979 - INFO - log_performance:59 - Performance: game_loop took 0.004s
2025-07-29 22:27:08,090 - INFO - log_performance:59 - Performance: game_loop took 0.007s
2025-07-29 22:27:08,202 - INFO - log_performance:59 - Performance: game_loop took 0.007s
2025-07-29 22:27:08,314 - INFO - log_performance:59 - Performance: game_loop took 0.010s
2025-07-29 22:27:08,421 - INFO - log_performance:59 - Performance: game_loop took 0.005s
2025-07-29 22:27:08,529 - INFO - log_performance:59 - Performance: game_loop took 0.007s
2025-07-29 22:27:08,662 - INFO - log_performance:59 - Performance: game_loop took 0.030s
2025-07-29 22:27:08,775 - INFO - log_performance:59 - Performance: game_loop took 0.008s
2025-07-29 22:27:08,887 - INFO - log_performance:59 - Performance: game_loop took 0.008s
2025-07-29 22:27:08,994 - INFO - log_performance:59 - Performance: game_loop took 0.006s
2025-07-29 22:27:09,116 - INFO - log_performance:59 - Performance: game_loop took 0.006s
2025-07-29 22:27:09,221 - INFO - log_performance:59 - Performance: game_loop took 0.004s
2025-07-29 22:27:09,345 - INFO - log_performance:59 - Performance: game_loop took 0.012s
2025-07-29 22:27:09,458 - INFO - log_performance:59 - Performance: game_loop took 0.008s
2025-07-29 22:27:09,565 - INFO - log_performance:59 - Performance: game_loop took 0.003s
2025-07-29 22:27:09,675 - INFO - log_performance:59 - Performance: game_loop took 0.004s
2025-07-29 22:27:09,780 - INFO - log_performance:59 - Performance: game_loop took 0.003s
2025-07-29 22:27:09,890 - INFO - log_performance:59 - Performance: game_loop took 0.007s
2025-07-29 22:27:09,995 - INFO - log_performance:59 - Performance: game_loop took 0.004s
2025-07-29 22:27:10,104 - INFO - log_performance:59 - Performance: game_loop took 0.004s
2025-07-29 22:27:10,213 - INFO - log_performance:59 - Performance: game_loop took 0.004s
2025-07-29 22:27:33,086 - INFO - log_user_action:63 - User Action: mode_changed - {'old_mode': 'survival', 'new_mode': 'survival'}
2025-07-29 22:27:42,649 - INFO - log_performance:59 - Performance: game_loop took 0.045s
2025-07-29 22:27:42,761 - INFO - log_performance:59 - Performance: game_loop took 0.004s
2025-07-29 22:27:42,872 - INFO - log_performance:59 - Performance: game_loop took 0.007s
2025-07-29 22:27:42,983 - INFO - log_performance:59 - Performance: game_loop took 0.009s
2025-07-29 22:27:43,093 - INFO - log_performance:59 - Performance: game_loop took 0.007s
2025-07-29 22:27:43,203 - INFO - log_performance:59 - Performance: game_loop took 0.008s
2025-07-29 22:27:43,313 - INFO - log_performance:59 - Performance: game_loop took 0.006s
2025-07-29 22:27:43,427 - INFO - log_performance:59 - Performance: game_loop took 0.009s
2025-07-29 22:27:43,539 - INFO - log_performance:59 - Performance: game_loop took 0.008s
2025-07-29 22:27:43,648 - INFO - log_performance:59 - Performance: game_loop took 0.008s
2025-07-29 22:27:43,755 - INFO - log_performance:59 - Performance: game_loop took 0.003s
2025-07-29 22:27:43,869 - INFO - log_performance:59 - Performance: game_loop took 0.009s
2025-07-29 22:27:43,991 - INFO - log_performance:59 - Performance: game_loop took 0.009s
2025-07-29 22:27:44,102 - INFO - log_performance:59 - Performance: game_loop took 0.008s
2025-07-29 22:27:44,220 - INFO - log_performance:59 - Performance: game_loop took 0.008s
2025-07-29 22:27:44,330 - INFO - log_performance:59 - Performance: game_loop took 0.004s
2025-07-29 22:27:44,437 - INFO - log_performance:59 - Performance: game_loop took 0.003s
2025-07-29 22:27:44,546 - INFO - log_performance:59 - Performance: game_loop took 0.009s
2025-07-29 22:27:44,656 - INFO - log_performance:59 - Performance: game_loop took 0.008s
2025-07-29 22:27:44,761 - INFO - log_performance:59 - Performance: game_loop took 0.004s
2025-07-29 22:27:44,872 - INFO - log_performance:59 - Performance: game_loop took 0.005s
2025-07-29 22:27:44,987 - INFO - log_performance:59 - Performance: game_loop took 0.011s
2025-07-29 22:27:45,108 - INFO - log_performance:59 - Performance: game_loop took 0.008s
2025-07-29 22:27:45,214 - INFO - log_performance:59 - Performance: game_loop took 0.006s
2025-07-29 22:27:45,325 - INFO - log_performance:59 - Performance: game_loop took 0.006s
2025-07-29 22:27:45,434 - INFO - log_performance:59 - Performance: game_loop took 0.007s
2025-07-29 22:27:45,541 - INFO - log_performance:59 - Performance: game_loop took 0.006s
2025-07-29 22:27:45,651 - INFO - log_performance:59 - Performance: game_loop took 0.007s
2025-07-29 22:27:45,756 - INFO - log_performance:59 - Performance: game_loop took 0.003s
2025-07-29 22:27:45,869 - INFO - log_performance:59 - Performance: game_loop took 0.008s
2025-07-29 22:27:45,978 - INFO - log_performance:59 - Performance: game_loop took 0.008s
2025-07-29 22:27:46,090 - INFO - log_performance:59 - Performance: game_loop took 0.004s
2025-07-29 22:27:46,202 - INFO - log_performance:59 - Performance: game_loop took 0.007s
2025-07-29 22:27:46,316 - INFO - log_performance:59 - Performance: game_loop took 0.008s
2025-07-29 22:27:46,425 - INFO - log_performance:59 - Performance: game_loop took 0.007s
2025-07-29 22:27:46,532 - INFO - log_performance:59 - Performance: game_loop took 0.006s
2025-07-29 22:27:46,638 - INFO - log_performance:59 - Performance: game_loop took 0.003s
2025-07-29 22:27:46,746 - INFO - log_performance:59 - Performance: game_loop took 0.003s
2025-07-29 22:27:46,854 - INFO - log_performance:59 - Performance: game_loop took 0.005s
2025-07-29 22:27:46,965 - INFO - log_performance:59 - Performance: game_loop took 0.005s
2025-07-29 22:27:47,079 - INFO - log_performance:59 - Performance: game_loop took 0.008s
2025-07-29 22:27:47,188 - INFO - log_performance:59 - Performance: game_loop took 0.008s
2025-07-29 22:27:47,298 - INFO - log_performance:59 - Performance: game_loop took 0.007s
2025-07-29 22:27:47,406 - INFO - log_performance:59 - Performance: game_loop took 0.007s
2025-07-29 22:27:47,513 - INFO - log_performance:59 - Performance: game_loop took 0.006s
2025-07-29 22:27:47,623 - INFO - log_performance:59 - Performance: game_loop took 0.008s
2025-07-29 22:27:47,730 - INFO - log_performance:59 - Performance: game_loop took 0.006s
2025-07-29 22:27:47,836 - INFO - log_performance:59 - Performance: game_loop took 0.003s
2025-07-29 22:27:47,948 - INFO - log_performance:59 - Performance: game_loop took 0.006s
2025-07-29 22:27:48,061 - INFO - log_performance:59 - Performance: game_loop took 0.008s
2025-07-29 22:27:48,168 - INFO - log_performance:59 - Performance: game_loop took 0.006s
2025-07-29 22:27:48,277 - INFO - log_performance:59 - Performance: game_loop took 0.008s
2025-07-29 22:27:48,389 - INFO - log_performance:59 - Performance: game_loop took 0.005s
2025-07-29 22:27:48,497 - INFO - log_performance:59 - Performance: game_loop took 0.006s
2025-07-29 22:27:48,608 - INFO - log_performance:59 - Performance: game_loop took 0.006s
2025-07-29 22:27:48,721 - INFO - log_performance:59 - Performance: game_loop took 0.008s
2025-07-29 22:27:48,826 - INFO - log_performance:59 - Performance: game_loop took 0.003s
2025-07-29 22:27:48,932 - INFO - log_performance:59 - Performance: game_loop took 0.003s
2025-07-29 22:27:49,041 - INFO - log_performance:59 - Performance: game_loop took 0.005s
2025-07-29 22:27:49,148 - INFO - log_performance:59 - Performance: game_loop took 0.003s
2025-07-29 22:27:49,257 - INFO - log_performance:59 - Performance: game_loop took 0.007s
2025-07-29 22:27:49,365 - INFO - log_performance:59 - Performance: game_loop took 0.005s
2025-07-29 22:27:49,477 - INFO - log_performance:59 - Performance: game_loop took 0.008s
2025-07-29 22:27:49,592 - INFO - log_performance:59 - Performance: game_loop took 0.007s
2025-07-29 22:27:49,708 - INFO - log_performance:59 - Performance: game_loop took 0.008s
2025-07-29 22:27:49,812 - INFO - log_performance:59 - Performance: game_loop took 0.003s
2025-07-29 22:27:49,917 - INFO - log_performance:59 - Performance: game_loop took 0.004s
2025-07-29 22:27:50,030 - INFO - log_performance:59 - Performance: game_loop took 0.004s
2025-07-29 22:27:50,144 - INFO - log_performance:59 - Performance: game_loop took 0.007s
2025-07-29 22:27:50,251 - INFO - log_performance:59 - Performance: game_loop took 0.004s
2025-07-29 22:27:50,358 - INFO - log_performance:59 - Performance: game_loop took 0.007s
2025-07-29 22:27:50,463 - INFO - log_performance:59 - Performance: game_loop took 0.003s
2025-07-29 22:27:50,575 - INFO - log_performance:59 - Performance: game_loop took 0.007s
2025-07-29 22:27:50,692 - INFO - log_performance:59 - Performance: game_loop took 0.007s
2025-07-29 22:27:50,797 - INFO - log_performance:59 - Performance: game_loop took 0.003s
2025-07-29 22:27:50,902 - INFO - log_performance:59 - Performance: game_loop took 0.006s
2025-07-29 22:27:51,015 - INFO - log_performance:59 - Performance: game_loop took 0.009s
2025-07-29 22:27:51,122 - INFO - log_performance:59 - Performance: game_loop took 0.004s
2025-07-29 22:27:51,242 - INFO - log_performance:59 - Performance: game_loop took 0.014s
2025-07-29 22:27:51,357 - INFO - log_performance:59 - Performance: game_loop took 0.007s
2025-07-29 22:27:51,466 - INFO - log_performance:59 - Performance: game_loop took 0.008s
2025-07-29 22:27:51,574 - INFO - log_performance:59 - Performance: game_loop took 0.007s
2025-07-29 22:27:51,686 - INFO - log_performance:59 - Performance: game_loop took 0.009s
2025-07-29 22:27:51,792 - INFO - log_performance:59 - Performance: game_loop took 0.004s
2025-07-29 22:27:51,902 - INFO - log_performance:59 - Performance: game_loop took 0.005s
2025-07-29 22:27:52,015 - INFO - log_performance:59 - Performance: game_loop took 0.007s
2025-07-29 22:27:52,126 - INFO - log_performance:59 - Performance: game_loop took 0.008s
2025-07-29 22:27:52,235 - INFO - log_performance:59 - Performance: game_loop took 0.007s
2025-07-29 22:27:52,344 - INFO - log_performance:59 - Performance: game_loop took 0.008s
2025-07-29 22:27:52,460 - INFO - log_performance:59 - Performance: game_loop took 0.003s
2025-07-29 22:27:52,571 - INFO - log_performance:59 - Performance: game_loop took 0.005s
2025-07-29 22:27:52,680 - INFO - log_performance:59 - Performance: game_loop took 0.007s
2025-07-29 22:27:52,789 - INFO - log_performance:59 - Performance: game_loop took 0.007s
2025-07-29 22:27:52,897 - INFO - log_performance:59 - Performance: game_loop took 0.004s
2025-07-29 22:27:53,008 - INFO - log_performance:59 - Performance: game_loop took 0.008s
2025-07-29 22:27:53,117 - INFO - log_performance:59 - Performance: game_loop took 0.007s
2025-07-29 22:27:53,228 - INFO - log_performance:59 - Performance: game_loop took 0.010s
2025-07-29 22:27:53,339 - INFO - log_performance:59 - Performance: game_loop took 0.003s
2025-07-29 22:27:53,453 - INFO - log_performance:59 - Performance: game_loop took 0.006s
2025-07-29 22:27:53,563 - INFO - log_performance:59 - Performance: game_loop took 0.007s
2025-07-29 22:27:53,677 - INFO - log_performance:59 - Performance: game_loop took 0.009s
2025-07-29 22:27:53,793 - INFO - log_performance:59 - Performance: game_loop took 0.004s
2025-07-29 22:27:53,901 - INFO - log_performance:59 - Performance: game_loop took 0.003s
2025-07-29 22:27:54,012 - INFO - log_performance:59 - Performance: game_loop took 0.004s
2025-07-29 22:27:54,125 - INFO - log_performance:59 - Performance: game_loop took 0.008s
2025-07-29 22:27:54,279 - INFO - log_performance:59 - Performance: game_loop took 0.054s
2025-07-29 22:27:54,388 - INFO - log_performance:59 - Performance: game_loop took 0.008s
2025-07-29 22:27:54,498 - INFO - log_performance:59 - Performance: game_loop took 0.008s
2025-07-29 22:27:54,610 - INFO - log_performance:59 - Performance: game_loop took 0.010s
2025-07-29 22:27:54,732 - INFO - log_performance:59 - Performance: game_loop took 0.008s
2025-07-29 22:27:54,838 - INFO - log_performance:59 - Performance: game_loop took 0.004s
2025-07-29 22:27:54,951 - INFO - log_performance:59 - Performance: game_loop took 0.007s
2025-07-29 22:27:55,060 - INFO - log_performance:59 - Performance: game_loop took 0.007s
2025-07-29 22:27:55,167 - INFO - log_performance:59 - Performance: game_loop took 0.005s
2025-07-29 22:27:55,276 - INFO - log_performance:59 - Performance: game_loop took 0.006s
2025-07-29 22:27:55,389 - INFO - log_performance:59 - Performance: game_loop took 0.008s
2025-07-29 22:27:55,519 - INFO - log_performance:59 - Performance: game_loop took 0.029s
2025-07-29 22:27:55,641 - INFO - log_performance:59 - Performance: game_loop took 0.012s
2025-07-29 22:27:55,759 - INFO - log_performance:59 - Performance: game_loop took 0.004s
2025-07-29 22:27:55,870 - INFO - log_performance:59 - Performance: game_loop took 0.004s
2025-07-29 22:27:55,979 - INFO - log_performance:59 - Performance: game_loop took 0.003s
2025-07-29 22:27:56,094 - INFO - log_performance:59 - Performance: game_loop took 0.009s
2025-07-29 22:27:56,218 - INFO - log_performance:59 - Performance: game_loop took 0.008s
2025-07-29 22:27:56,323 - INFO - log_performance:59 - Performance: game_loop took 0.005s
2025-07-29 22:27:56,435 - INFO - log_performance:59 - Performance: game_loop took 0.008s
2025-07-29 22:27:56,545 - INFO - log_performance:59 - Performance: game_loop took 0.009s
2025-07-29 22:27:56,654 - INFO - log_performance:59 - Performance: game_loop took 0.007s
2025-07-29 22:27:56,764 - INFO - log_performance:59 - Performance: game_loop took 0.009s
2025-07-29 22:27:56,876 - INFO - log_performance:59 - Performance: game_loop took 0.003s
2025-07-29 22:27:56,983 - INFO - log_performance:59 - Performance: game_loop took 0.007s
2025-07-29 22:27:57,092 - INFO - log_performance:59 - Performance: game_loop took 0.004s
2025-07-29 22:27:57,205 - INFO - log_performance:59 - Performance: game_loop took 0.008s
2025-07-29 22:27:57,313 - INFO - log_performance:59 - Performance: game_loop took 0.007s
2025-07-29 22:27:57,426 - INFO - log_performance:59 - Performance: game_loop took 0.008s
2025-07-29 22:27:57,536 - INFO - log_performance:59 - Performance: game_loop took 0.009s
2025-07-29 22:27:57,645 - INFO - log_performance:59 - Performance: game_loop took 0.007s
2025-07-29 22:27:57,767 - INFO - log_performance:59 - Performance: game_loop took 0.008s
2025-07-29 22:27:57,874 - INFO - log_performance:59 - Performance: game_loop took 0.004s
2025-07-29 22:27:57,987 - INFO - log_performance:59 - Performance: game_loop took 0.008s
2025-07-29 22:27:58,096 - INFO - log_performance:59 - Performance: game_loop took 0.008s
2025-07-29 22:27:58,203 - INFO - log_performance:59 - Performance: game_loop took 0.004s
2025-07-29 22:27:58,310 - INFO - log_performance:59 - Performance: game_loop took 0.007s
2025-07-29 22:27:58,419 - INFO - log_performance:59 - Performance: game_loop took 0.008s
2025-07-29 22:27:58,532 - INFO - log_performance:59 - Performance: game_loop took 0.008s
2025-07-29 22:27:58,641 - INFO - log_performance:59 - Performance: game_loop took 0.007s
2025-07-29 22:27:58,748 - INFO - log_performance:59 - Performance: game_loop took 0.008s
2025-07-29 22:27:58,854 - INFO - log_performance:59 - Performance: game_loop took 0.004s
2025-07-29 22:27:58,968 - INFO - log_performance:59 - Performance: game_loop took 0.007s
2025-07-29 22:27:59,077 - INFO - log_performance:59 - Performance: game_loop took 0.007s
2025-07-29 22:27:59,185 - INFO - log_performance:59 - Performance: game_loop took 0.006s
2025-07-29 22:27:59,293 - INFO - log_performance:59 - Performance: game_loop took 0.007s
2025-07-29 22:27:59,405 - INFO - log_performance:59 - Performance: game_loop took 0.009s
2025-07-29 22:27:59,516 - INFO - log_performance:59 - Performance: game_loop took 0.007s
2025-07-29 22:27:59,623 - INFO - log_performance:59 - Performance: game_loop took 0.006s
2025-07-29 22:27:59,734 - INFO - log_performance:59 - Performance: game_loop took 0.008s
2025-07-29 22:27:59,854 - INFO - log_performance:59 - Performance: game_loop took 0.006s
2025-07-29 22:27:59,964 - INFO - log_performance:59 - Performance: game_loop took 0.004s
2025-07-29 22:28:00,074 - INFO - log_performance:59 - Performance: game_loop took 0.004s
2025-07-29 22:28:00,182 - INFO - log_performance:59 - Performance: game_loop took 0.004s
2025-07-29 22:28:00,293 - INFO - log_performance:59 - Performance: game_loop took 0.008s
2025-07-29 22:28:00,405 - INFO - log_performance:59 - Performance: game_loop took 0.009s
2025-07-29 22:28:00,511 - INFO - log_performance:59 - Performance: game_loop took 0.005s
2025-07-29 22:28:00,621 - INFO - log_performance:59 - Performance: game_loop took 0.010s
2025-07-29 22:28:00,733 - INFO - log_performance:59 - Performance: game_loop took 0.008s
2025-07-29 22:28:00,846 - INFO - log_performance:59 - Performance: game_loop took 0.008s
2025-07-29 22:28:00,958 - INFO - log_performance:59 - Performance: game_loop took 0.003s
2025-07-29 22:28:01,075 - INFO - log_performance:59 - Performance: game_loop took 0.009s
2025-07-29 22:28:01,182 - INFO - log_performance:59 - Performance: game_loop took 0.006s
2025-07-29 22:28:01,297 - INFO - log_performance:59 - Performance: game_loop took 0.008s
2025-07-29 22:28:01,406 - INFO - log_performance:59 - Performance: game_loop took 0.006s
2025-07-29 22:28:01,514 - INFO - log_performance:59 - Performance: game_loop took 0.007s
2025-07-29 22:28:01,633 - INFO - log_performance:59 - Performance: game_loop took 0.008s
2025-07-29 22:28:01,744 - INFO - log_performance:59 - Performance: game_loop took 0.008s
2025-07-29 22:28:01,853 - INFO - log_performance:59 - Performance: game_loop took 0.008s
2025-07-29 22:28:01,967 - INFO - log_performance:59 - Performance: game_loop took 0.003s
2025-07-29 22:28:02,086 - INFO - log_performance:59 - Performance: game_loop took 0.007s
2025-07-29 22:28:02,195 - INFO - log_performance:59 - Performance: game_loop took 0.007s
2025-07-29 22:28:02,302 - INFO - log_performance:59 - Performance: game_loop took 0.003s
2025-07-29 22:28:02,414 - INFO - log_performance:59 - Performance: game_loop took 0.009s
2025-07-29 22:28:02,526 - INFO - log_performance:59 - Performance: game_loop took 0.004s
2025-07-29 22:28:02,641 - INFO - log_performance:59 - Performance: game_loop took 0.007s
2025-07-29 22:28:02,749 - INFO - log_performance:59 - Performance: game_loop took 0.008s
2025-07-29 22:28:02,862 - INFO - log_performance:59 - Performance: game_loop took 0.008s
2025-07-29 22:28:02,967 - INFO - log_performance:59 - Performance: game_loop took 0.003s
2025-07-29 22:28:03,082 - INFO - log_performance:59 - Performance: game_loop took 0.009s
2025-07-29 22:28:03,193 - INFO - log_performance:59 - Performance: game_loop took 0.009s
2025-07-29 22:28:03,300 - INFO - log_performance:59 - Performance: game_loop took 0.006s
2025-07-29 22:28:03,406 - INFO - log_performance:59 - Performance: game_loop took 0.005s
2025-07-29 22:28:03,518 - INFO - log_performance:59 - Performance: game_loop took 0.007s
2025-07-29 22:28:03,625 - INFO - log_performance:59 - Performance: game_loop took 0.004s
2025-07-29 22:28:03,732 - INFO - log_performance:59 - Performance: game_loop took 0.006s
2025-07-29 22:28:03,841 - INFO - log_performance:59 - Performance: game_loop took 0.007s
2025-07-29 22:28:03,947 - INFO - log_performance:59 - Performance: game_loop took 0.004s
2025-07-29 22:28:04,063 - INFO - log_performance:59 - Performance: game_loop took 0.010s
2025-07-29 22:28:04,172 - INFO - log_performance:59 - Performance: game_loop took 0.004s
2025-07-29 22:28:04,283 - INFO - log_performance:59 - Performance: game_loop took 0.008s
2025-07-29 22:28:04,393 - INFO - log_performance:59 - Performance: game_loop took 0.009s
2025-07-29 22:28:04,497 - INFO - log_performance:59 - Performance: game_loop took 0.003s
2025-07-29 22:28:04,611 - INFO - log_performance:59 - Performance: game_loop took 0.007s
2025-07-29 22:28:04,720 - INFO - log_performance:59 - Performance: game_loop took 0.007s
2025-07-29 22:28:04,828 - INFO - log_performance:59 - Performance: game_loop took 0.008s
2025-07-29 22:28:04,935 - INFO - log_performance:59 - Performance: game_loop took 0.003s
2025-07-29 22:28:05,048 - INFO - log_performance:59 - Performance: game_loop took 0.008s
2025-07-29 22:28:05,154 - INFO - log_performance:59 - Performance: game_loop took 0.005s
2025-07-29 22:28:05,265 - INFO - log_performance:59 - Performance: game_loop took 0.005s
2025-07-29 22:28:05,376 - INFO - log_performance:59 - Performance: game_loop took 0.007s
2025-07-29 22:28:05,482 - INFO - log_performance:59 - Performance: game_loop took 0.005s
2025-07-29 22:28:05,588 - INFO - log_performance:59 - Performance: game_loop took 0.004s
2025-07-29 22:28:05,696 - INFO - log_performance:59 - Performance: game_loop took 0.004s
2025-07-29 22:28:05,808 - INFO - log_performance:59 - Performance: game_loop took 0.004s
2025-07-29 22:28:05,918 - INFO - log_performance:59 - Performance: game_loop took 0.005s
2025-07-29 22:28:06,032 - INFO - log_performance:59 - Performance: game_loop took 0.007s
2025-07-29 22:28:06,144 - INFO - log_performance:59 - Performance: game_loop took 0.004s
2025-07-29 22:28:06,252 - INFO - log_performance:59 - Performance: game_loop took 0.006s
2025-07-29 22:28:06,362 - INFO - log_performance:59 - Performance: game_loop took 0.007s
2025-07-29 22:28:06,472 - INFO - log_performance:59 - Performance: game_loop took 0.009s
2025-07-29 22:28:06,581 - INFO - log_performance:59 - Performance: game_loop took 0.007s
2025-07-29 22:28:06,691 - INFO - log_performance:59 - Performance: game_loop took 0.007s
2025-07-29 22:28:06,796 - INFO - log_performance:59 - Performance: game_loop took 0.003s
2025-07-29 22:28:06,901 - INFO - log_performance:59 - Performance: game_loop took 0.004s
2025-07-29 22:28:07,007 - INFO - log_performance:59 - Performance: game_loop took 0.003s
2025-07-29 22:28:07,125 - INFO - log_performance:59 - Performance: game_loop took 0.008s
2025-07-29 22:28:07,234 - INFO - log_performance:59 - Performance: game_loop took 0.007s
2025-07-29 22:28:07,346 - INFO - log_performance:59 - Performance: game_loop took 0.009s
2025-07-29 22:28:07,462 - INFO - log_performance:59 - Performance: game_loop took 0.008s
2025-07-29 22:28:07,573 - INFO - log_performance:59 - Performance: game_loop took 0.009s
2025-07-29 22:28:07,685 - INFO - log_performance:59 - Performance: game_loop took 0.006s
2025-07-29 22:28:07,799 - INFO - log_performance:59 - Performance: game_loop took 0.009s
2025-07-29 22:28:07,916 - INFO - log_performance:59 - Performance: game_loop took 0.007s
2025-07-29 22:28:08,022 - INFO - log_performance:59 - Performance: game_loop took 0.003s
2025-07-29 22:28:08,137 - INFO - log_performance:59 - Performance: game_loop took 0.009s
2025-07-29 22:28:08,249 - INFO - log_performance:59 - Performance: game_loop took 0.009s
2025-07-29 22:28:08,369 - INFO - log_performance:59 - Performance: game_loop took 0.008s
2025-07-29 22:28:08,478 - INFO - log_performance:59 - Performance: game_loop took 0.007s
2025-07-29 22:28:08,590 - INFO - log_performance:59 - Performance: game_loop took 0.005s
2025-07-29 22:28:08,700 - INFO - log_performance:59 - Performance: game_loop took 0.007s
2025-07-29 22:28:08,815 - INFO - log_performance:59 - Performance: game_loop took 0.007s
2025-07-29 22:28:08,929 - INFO - log_performance:59 - Performance: game_loop took 0.004s
2025-07-29 22:28:09,039 - INFO - log_performance:59 - Performance: game_loop took 0.004s
2025-07-29 22:28:09,152 - INFO - log_performance:59 - Performance: game_loop took 0.005s
2025-07-29 22:28:09,268 - INFO - log_performance:59 - Performance: game_loop took 0.008s
2025-07-29 22:28:09,388 - INFO - log_performance:59 - Performance: game_loop took 0.006s
2025-07-29 22:28:09,496 - INFO - log_performance:59 - Performance: game_loop took 0.006s
2025-07-29 22:28:09,610 - INFO - log_performance:59 - Performance: game_loop took 0.008s
2025-07-29 22:28:09,717 - INFO - log_performance:59 - Performance: game_loop took 0.007s
2025-07-29 22:28:09,826 - INFO - log_performance:59 - Performance: game_loop took 0.009s
2025-07-29 22:28:09,933 - INFO - log_performance:59 - Performance: game_loop took 0.005s
2025-07-29 22:28:10,040 - INFO - log_performance:59 - Performance: game_loop took 0.003s
2025-07-29 22:28:10,152 - INFO - log_performance:59 - Performance: game_loop took 0.007s
2025-07-29 22:28:10,261 - INFO - log_performance:59 - Performance: game_loop took 0.006s
2025-07-29 22:28:10,372 - INFO - log_performance:59 - Performance: game_loop took 0.008s
2025-07-29 22:28:10,481 - INFO - log_performance:59 - Performance: game_loop took 0.008s
2025-07-29 22:28:10,587 - INFO - log_performance:59 - Performance: game_loop took 0.005s
2025-07-29 22:28:10,699 - INFO - log_performance:59 - Performance: game_loop took 0.009s
2025-07-29 22:28:10,812 - INFO - log_performance:59 - Performance: game_loop took 0.007s
2025-07-29 22:28:10,923 - INFO - log_performance:59 - Performance: game_loop took 0.008s
2025-07-29 22:28:11,029 - INFO - log_performance:59 - Performance: game_loop took 0.005s
2025-07-29 22:28:11,144 - INFO - log_performance:59 - Performance: game_loop took 0.007s
2025-07-29 22:28:11,249 - INFO - log_performance:59 - Performance: game_loop took 0.003s
2025-07-29 22:28:11,359 - INFO - log_performance:59 - Performance: game_loop took 0.007s
2025-07-29 22:28:11,467 - INFO - log_performance:59 - Performance: game_loop took 0.006s
2025-07-29 22:28:11,580 - INFO - log_performance:59 - Performance: game_loop took 0.007s
2025-07-29 22:28:11,691 - INFO - log_performance:59 - Performance: game_loop took 0.007s
2025-07-29 22:28:11,799 - INFO - log_performance:59 - Performance: game_loop took 0.007s
2025-07-29 22:28:11,911 - INFO - log_performance:59 - Performance: game_loop took 0.005s
2025-07-29 22:28:12,018 - INFO - log_performance:59 - Performance: game_loop took 0.003s
2025-07-29 22:28:12,135 - INFO - log_performance:59 - Performance: game_loop took 0.009s
2025-07-29 22:28:12,250 - INFO - log_performance:59 - Performance: game_loop took 0.010s
2025-07-29 22:28:12,364 - INFO - log_performance:59 - Performance: game_loop took 0.006s
2025-07-29 22:28:12,472 - INFO - log_performance:59 - Performance: game_loop took 0.006s
2025-07-29 22:28:12,580 - INFO - log_performance:59 - Performance: game_loop took 0.006s
2025-07-29 22:28:12,686 - INFO - log_performance:59 - Performance: game_loop took 0.004s
2025-07-29 22:28:12,794 - INFO - log_performance:59 - Performance: game_loop took 0.006s
2025-07-29 22:28:12,908 - INFO - log_performance:59 - Performance: game_loop took 0.008s
2025-07-29 22:28:13,025 - INFO - log_performance:59 - Performance: game_loop took 0.004s
2025-07-29 22:28:13,141 - INFO - log_performance:59 - Performance: game_loop took 0.009s
2025-07-29 22:28:13,250 - INFO - log_performance:59 - Performance: game_loop took 0.007s
2025-07-29 22:28:13,362 - INFO - log_performance:59 - Performance: game_loop took 0.008s
2025-07-29 22:28:13,467 - INFO - log_performance:59 - Performance: game_loop took 0.004s
2025-07-29 22:28:13,580 - INFO - log_performance:59 - Performance: game_loop took 0.009s
2025-07-29 22:28:13,702 - INFO - log_performance:59 - Performance: game_loop took 0.007s
2025-07-29 22:28:13,810 - INFO - log_performance:59 - Performance: game_loop took 0.006s
2025-07-29 22:28:13,918 - INFO - log_performance:59 - Performance: game_loop took 0.006s
2025-07-29 22:28:14,027 - INFO - log_performance:59 - Performance: game_loop took 0.004s
2025-07-29 22:28:14,142 - INFO - log_performance:59 - Performance: game_loop took 0.009s
2025-07-29 22:28:14,251 - INFO - log_performance:59 - Performance: game_loop took 0.009s
2025-07-29 22:28:14,376 - INFO - log_performance:59 - Performance: game_loop took 0.009s
2025-07-29 22:28:14,484 - INFO - log_performance:59 - Performance: game_loop took 0.008s
2025-07-29 22:28:14,595 - INFO - log_performance:59 - Performance: game_loop took 0.009s
2025-07-29 22:28:14,703 - INFO - log_performance:59 - Performance: game_loop took 0.007s
2025-07-29 22:28:14,811 - INFO - log_performance:59 - Performance: game_loop took 0.008s
2025-07-29 22:28:14,919 - INFO - log_performance:59 - Performance: game_loop took 0.007s
2025-07-29 22:28:15,028 - INFO - log_performance:59 - Performance: game_loop took 0.004s
2025-07-29 22:28:15,139 - INFO - log_performance:59 - Performance: game_loop took 0.009s
2025-07-29 22:28:15,249 - INFO - log_performance:59 - Performance: game_loop took 0.008s
2025-07-29 22:28:15,358 - INFO - log_performance:59 - Performance: game_loop took 0.008s
2025-07-29 22:28:15,467 - INFO - log_performance:59 - Performance: game_loop took 0.008s
2025-07-29 22:28:15,575 - INFO - log_performance:59 - Performance: game_loop took 0.007s
2025-07-29 22:28:15,683 - INFO - log_performance:59 - Performance: game_loop took 0.004s
2025-07-29 22:28:15,797 - INFO - log_performance:59 - Performance: game_loop took 0.009s
2025-07-29 22:28:15,915 - INFO - log_performance:59 - Performance: game_loop took 0.005s
2025-07-29 22:28:16,024 - INFO - log_performance:59 - Performance: game_loop took 0.004s
2025-07-29 22:28:16,138 - INFO - log_performance:59 - Performance: game_loop took 0.007s
2025-07-29 22:28:16,247 - INFO - log_performance:59 - Performance: game_loop took 0.007s
2025-07-29 22:28:16,357 - INFO - log_performance:59 - Performance: game_loop took 0.008s
2025-07-29 22:28:16,466 - INFO - log_performance:59 - Performance: game_loop took 0.007s
2025-07-29 22:28:16,573 - INFO - log_performance:59 - Performance: game_loop took 0.007s
2025-07-29 22:28:16,682 - INFO - log_performance:59 - Performance: game_loop took 0.007s
2025-07-29 22:28:16,792 - INFO - log_performance:59 - Performance: game_loop took 0.008s
2025-07-29 22:28:16,906 - INFO - log_performance:59 - Performance: game_loop took 0.005s
2025-07-29 22:28:17,014 - INFO - log_performance:59 - Performance: game_loop took 0.004s
2025-07-29 22:28:17,119 - INFO - log_performance:59 - Performance: game_loop took 0.004s
2025-07-29 22:28:17,228 - INFO - log_performance:59 - Performance: game_loop took 0.007s
2025-07-29 22:28:17,336 - INFO - log_performance:59 - Performance: game_loop took 0.005s
2025-07-29 22:28:17,444 - INFO - log_performance:59 - Performance: game_loop took 0.003s
2025-07-29 22:28:17,555 - INFO - log_performance:59 - Performance: game_loop took 0.007s
2025-07-29 22:28:17,663 - INFO - log_performance:59 - Performance: game_loop took 0.006s
2025-07-29 22:28:17,767 - INFO - log_performance:59 - Performance: game_loop took 0.004s
2025-07-29 22:28:17,875 - INFO - log_performance:59 - Performance: game_loop took 0.005s
2025-07-29 22:28:17,986 - INFO - log_performance:59 - Performance: game_loop took 0.004s
2025-07-29 22:28:18,097 - INFO - log_performance:59 - Performance: game_loop took 0.003s
2025-07-29 22:28:18,203 - INFO - log_performance:59 - Performance: game_loop took 0.005s
2025-07-29 22:28:18,314 - INFO - log_performance:59 - Performance: game_loop took 0.004s
2025-07-29 22:28:18,419 - INFO - log_performance:59 - Performance: game_loop took 0.003s
2025-07-29 22:28:18,529 - INFO - log_performance:59 - Performance: game_loop took 0.008s
2025-07-29 22:28:18,642 - INFO - log_performance:59 - Performance: game_loop took 0.006s
2025-07-29 22:28:18,751 - INFO - log_performance:59 - Performance: game_loop took 0.007s
2025-07-29 22:28:18,863 - INFO - log_performance:59 - Performance: game_loop took 0.008s
2025-07-29 22:28:18,973 - INFO - log_performance:59 - Performance: game_loop took 0.009s
2025-07-29 22:28:19,082 - INFO - log_performance:59 - Performance: game_loop took 0.004s
2025-07-29 22:28:19,190 - INFO - log_performance:59 - Performance: game_loop took 0.003s
2025-07-29 22:28:19,302 - INFO - log_performance:59 - Performance: game_loop took 0.008s
2025-07-29 22:28:19,410 - INFO - log_performance:59 - Performance: game_loop took 0.007s
2025-07-29 22:28:19,520 - INFO - log_performance:59 - Performance: game_loop took 0.007s
2025-07-29 22:28:19,629 - INFO - log_performance:59 - Performance: game_loop took 0.007s
2025-07-29 22:28:19,738 - INFO - log_performance:59 - Performance: game_loop took 0.008s
2025-07-29 22:28:19,862 - INFO - log_performance:59 - Performance: game_loop took 0.009s
2025-07-29 22:28:19,983 - INFO - log_performance:59 - Performance: game_loop took 0.006s
2025-07-29 22:28:20,088 - INFO - log_performance:59 - Performance: game_loop took 0.003s
2025-07-29 22:28:20,206 - INFO - log_performance:59 - Performance: game_loop took 0.008s
2025-07-29 22:28:20,312 - INFO - log_performance:59 - Performance: game_loop took 0.004s
2025-07-29 22:28:20,419 - INFO - log_performance:59 - Performance: game_loop took 0.006s
2025-07-29 22:28:20,533 - INFO - log_performance:59 - Performance: game_loop took 0.008s
2025-07-29 22:28:20,641 - INFO - log_performance:59 - Performance: game_loop took 0.006s
2025-07-29 22:28:20,750 - INFO - log_performance:59 - Performance: game_loop took 0.008s
2025-07-29 22:28:20,859 - INFO - log_performance:59 - Performance: game_loop took 0.004s
2025-07-29 22:28:20,971 - INFO - log_performance:59 - Performance: game_loop took 0.009s
2025-07-29 22:28:21,078 - INFO - log_performance:59 - Performance: game_loop took 0.005s
2025-07-29 22:28:21,186 - INFO - log_performance:59 - Performance: game_loop took 0.006s
2025-07-29 22:28:21,295 - INFO - log_performance:59 - Performance: game_loop took 0.008s
2025-07-29 22:28:21,408 - INFO - log_performance:59 - Performance: game_loop took 0.008s
2025-07-29 22:28:21,516 - INFO - log_performance:59 - Performance: game_loop took 0.008s
2025-07-29 22:28:21,626 - INFO - log_performance:59 - Performance: game_loop took 0.008s
2025-07-29 22:28:21,750 - INFO - log_performance:59 - Performance: game_loop took 0.008s
2025-07-29 22:28:21,858 - INFO - log_performance:59 - Performance: game_loop took 0.008s
2025-07-29 22:28:21,967 - INFO - log_performance:59 - Performance: game_loop took 0.007s
2025-07-29 22:28:22,076 - INFO - log_performance:59 - Performance: game_loop took 0.004s
2025-07-29 22:28:22,191 - INFO - log_performance:59 - Performance: game_loop took 0.009s
2025-07-29 22:28:22,310 - INFO - log_performance:59 - Performance: game_loop took 0.004s
2025-07-29 22:28:22,415 - INFO - log_performance:59 - Performance: game_loop took 0.004s
2025-07-29 22:28:22,533 - INFO - log_performance:59 - Performance: game_loop took 0.006s
2025-07-29 22:28:22,644 - INFO - log_performance:59 - Performance: game_loop took 0.008s
2025-07-29 22:28:22,751 - INFO - log_performance:59 - Performance: game_loop took 0.006s
2025-07-29 22:28:22,861 - INFO - log_performance:59 - Performance: game_loop took 0.008s
2025-07-29 22:28:22,969 - INFO - log_performance:59 - Performance: game_loop took 0.007s
2025-07-29 22:28:23,076 - INFO - log_performance:59 - Performance: game_loop took 0.006s
2025-07-29 22:28:23,181 - INFO - log_performance:59 - Performance: game_loop took 0.004s
2025-07-29 22:28:23,291 - INFO - log_performance:59 - Performance: game_loop took 0.004s
2025-07-29 22:28:23,398 - INFO - log_performance:59 - Performance: game_loop took 0.003s
2025-07-29 22:28:23,513 - INFO - log_performance:59 - Performance: game_loop took 0.004s
2025-07-29 22:28:23,628 - INFO - log_performance:59 - Performance: game_loop took 0.007s
2025-07-29 22:28:23,736 - INFO - log_performance:59 - Performance: game_loop took 0.007s
2025-07-29 22:28:23,857 - INFO - log_performance:59 - Performance: game_loop took 0.008s
2025-07-29 22:28:23,969 - INFO - log_performance:59 - Performance: game_loop took 0.009s
2025-07-29 22:28:24,074 - INFO - log_performance:59 - Performance: game_loop took 0.004s
2025-07-29 22:28:24,180 - INFO - log_performance:59 - Performance: game_loop took 0.004s
2025-07-29 22:28:24,296 - INFO - log_performance:59 - Performance: game_loop took 0.008s
2025-07-29 22:28:24,400 - INFO - log_performance:59 - Performance: game_loop took 0.003s
2025-07-29 22:28:24,514 - INFO - log_performance:59 - Performance: game_loop took 0.009s
2025-07-29 22:28:24,619 - INFO - log_performance:59 - Performance: game_loop took 0.004s
2025-07-29 22:28:24,733 - INFO - log_performance:59 - Performance: game_loop took 0.010s
2025-07-29 22:28:24,841 - INFO - log_performance:59 - Performance: game_loop took 0.006s
2025-07-29 22:28:24,949 - INFO - log_performance:59 - Performance: game_loop took 0.007s
2025-07-29 22:28:25,062 - INFO - log_performance:59 - Performance: game_loop took 0.010s
2025-07-29 22:28:25,179 - INFO - log_performance:59 - Performance: game_loop took 0.003s
2025-07-29 22:28:25,293 - INFO - log_performance:59 - Performance: game_loop took 0.006s
2025-07-29 22:28:25,403 - INFO - log_performance:59 - Performance: game_loop took 0.007s
2025-07-29 22:28:25,514 - INFO - log_performance:59 - Performance: game_loop took 0.007s
2025-07-29 22:28:25,621 - INFO - log_performance:59 - Performance: game_loop took 0.005s
2025-07-29 22:28:25,732 - INFO - log_performance:59 - Performance: game_loop took 0.008s
2025-07-29 22:28:25,840 - INFO - log_performance:59 - Performance: game_loop took 0.007s
2025-07-29 22:28:25,951 - INFO - log_performance:59 - Performance: game_loop took 0.010s
2025-07-29 22:28:26,062 - INFO - log_performance:59 - Performance: game_loop took 0.006s
2025-07-29 22:28:26,179 - INFO - log_performance:59 - Performance: game_loop took 0.004s
2025-07-29 22:28:26,293 - INFO - log_performance:59 - Performance: game_loop took 0.006s
2025-07-29 22:28:26,404 - INFO - log_performance:59 - Performance: game_loop took 0.008s
2025-07-29 22:28:26,511 - INFO - log_performance:59 - Performance: game_loop took 0.006s
2025-07-29 22:28:26,620 - INFO - log_performance:59 - Performance: game_loop took 0.007s
2025-07-29 22:28:26,733 - INFO - log_performance:59 - Performance: game_loop took 0.008s
2025-07-29 22:28:26,839 - INFO - log_performance:59 - Performance: game_loop took 0.005s
2025-07-29 22:28:26,958 - INFO - log_performance:59 - Performance: game_loop took 0.011s
2025-07-29 22:28:27,067 - INFO - log_performance:59 - Performance: game_loop took 0.006s
2025-07-29 22:28:27,174 - INFO - log_performance:59 - Performance: game_loop took 0.003s
2025-07-29 22:28:27,285 - INFO - log_performance:59 - Performance: game_loop took 0.009s
2025-07-29 22:28:27,393 - INFO - log_performance:59 - Performance: game_loop took 0.008s
2025-07-29 22:28:27,500 - INFO - log_performance:59 - Performance: game_loop took 0.006s
2025-07-29 22:28:27,611 - INFO - log_performance:59 - Performance: game_loop took 0.007s
2025-07-29 22:28:27,724 - INFO - log_performance:59 - Performance: game_loop took 0.012s
2025-07-29 22:28:27,831 - INFO - log_performance:59 - Performance: game_loop took 0.005s
2025-07-29 22:28:27,941 - INFO - log_performance:59 - Performance: game_loop took 0.007s
2025-07-29 22:28:28,047 - INFO - log_performance:59 - Performance: game_loop took 0.005s
2025-07-29 22:28:28,156 - INFO - log_performance:59 - Performance: game_loop took 0.004s
2025-07-29 22:28:28,271 - INFO - log_performance:59 - Performance: game_loop took 0.008s
2025-07-29 22:28:28,382 - INFO - log_performance:59 - Performance: game_loop took 0.009s
2025-07-29 22:28:28,503 - INFO - log_performance:59 - Performance: game_loop took 0.009s
2025-07-29 22:28:28,626 - INFO - log_performance:59 - Performance: game_loop took 0.008s
2025-07-29 22:28:28,731 - INFO - log_performance:59 - Performance: game_loop took 0.004s
2025-07-29 22:28:28,844 - INFO - log_performance:59 - Performance: game_loop took 0.009s
2025-07-29 22:28:28,951 - INFO - log_performance:59 - Performance: game_loop took 0.006s
2025-07-29 22:28:29,055 - INFO - log_performance:59 - Performance: game_loop took 0.003s
2025-07-29 22:28:29,168 - INFO - log_performance:59 - Performance: game_loop took 0.008s
2025-07-29 22:28:29,278 - INFO - log_performance:59 - Performance: game_loop took 0.008s
2025-07-29 22:28:29,385 - INFO - log_performance:59 - Performance: game_loop took 0.006s
2025-07-29 22:28:29,492 - INFO - log_performance:59 - Performance: game_loop took 0.007s
2025-07-29 22:28:29,601 - INFO - log_performance:59 - Performance: game_loop took 0.005s
2025-07-29 22:28:29,712 - INFO - log_performance:59 - Performance: game_loop took 0.008s
2025-07-29 22:28:29,823 - INFO - log_performance:59 - Performance: game_loop took 0.007s
2025-07-29 22:28:29,932 - INFO - log_performance:59 - Performance: game_loop took 0.006s
2025-07-29 22:28:30,039 - INFO - log_performance:59 - Performance: game_loop took 0.005s
2025-07-29 22:28:30,150 - INFO - log_performance:59 - Performance: game_loop took 0.004s
2025-07-29 22:28:30,264 - INFO - log_performance:59 - Performance: game_loop took 0.007s
2025-07-29 22:28:30,372 - INFO - log_performance:59 - Performance: game_loop took 0.008s
2025-07-29 22:28:30,482 - INFO - log_performance:59 - Performance: game_loop took 0.008s
2025-07-29 22:28:30,590 - INFO - log_performance:59 - Performance: game_loop took 0.007s
2025-07-29 22:28:30,702 - INFO - log_performance:59 - Performance: game_loop took 0.006s
2025-07-29 22:28:30,812 - INFO - log_performance:59 - Performance: game_loop took 0.009s
2025-07-29 22:28:30,925 - INFO - log_performance:59 - Performance: game_loop took 0.006s
2025-07-29 22:28:31,036 - INFO - log_performance:59 - Performance: game_loop took 0.007s
2025-07-29 22:28:31,144 - INFO - log_performance:59 - Performance: game_loop took 0.004s
2025-07-29 22:28:31,254 - INFO - log_performance:59 - Performance: game_loop took 0.004s
2025-07-29 22:28:31,369 - INFO - log_performance:59 - Performance: game_loop took 0.009s
2025-07-29 22:28:31,489 - INFO - log_performance:59 - Performance: game_loop took 0.008s
2025-07-29 22:28:31,596 - INFO - log_performance:59 - Performance: game_loop took 0.003s
2025-07-29 22:28:31,708 - INFO - log_performance:59 - Performance: game_loop took 0.006s
2025-07-29 22:28:31,819 - INFO - log_performance:59 - Performance: game_loop took 0.007s
2025-07-29 22:28:31,926 - INFO - log_performance:59 - Performance: game_loop took 0.006s
2025-07-29 22:28:32,038 - INFO - log_performance:59 - Performance: game_loop took 0.008s
2025-07-29 22:28:32,144 - INFO - log_performance:59 - Performance: game_loop took 0.003s
2025-07-29 22:28:32,258 - INFO - log_performance:59 - Performance: game_loop took 0.006s
2025-07-29 22:28:32,368 - INFO - log_performance:59 - Performance: game_loop took 0.009s
2025-07-29 22:28:32,486 - INFO - log_performance:59 - Performance: game_loop took 0.007s
2025-07-29 22:28:32,593 - INFO - log_performance:59 - Performance: game_loop took 0.007s
2025-07-29 22:28:32,706 - INFO - log_performance:59 - Performance: game_loop took 0.007s
2025-07-29 22:28:32,815 - INFO - log_performance:59 - Performance: game_loop took 0.008s
2025-07-29 22:28:32,925 - INFO - log_performance:59 - Performance: game_loop took 0.008s
2025-07-29 22:28:33,034 - INFO - log_performance:59 - Performance: game_loop took 0.007s
2025-07-29 22:28:33,142 - INFO - log_performance:59 - Performance: game_loop took 0.004s
2025-07-29 22:28:33,246 - INFO - log_performance:59 - Performance: game_loop took 0.003s
2025-07-29 22:28:33,359 - INFO - log_performance:59 - Performance: game_loop took 0.008s
2025-07-29 22:28:33,465 - INFO - log_performance:59 - Performance: game_loop took 0.004s
2025-07-29 22:28:33,579 - INFO - log_performance:59 - Performance: game_loop took 0.006s
2025-07-29 22:28:33,691 - INFO - log_performance:59 - Performance: game_loop took 0.008s
2025-07-29 22:28:33,800 - INFO - log_performance:59 - Performance: game_loop took 0.008s
2025-07-29 22:28:33,908 - INFO - log_performance:59 - Performance: game_loop took 0.007s
2025-07-29 22:28:34,028 - INFO - log_performance:59 - Performance: game_loop took 0.006s
2025-07-29 22:28:34,137 - INFO - log_performance:59 - Performance: game_loop took 0.006s
2025-07-29 22:28:34,244 - INFO - log_performance:59 - Performance: game_loop took 0.003s
2025-07-29 22:28:34,359 - INFO - log_performance:59 - Performance: game_loop took 0.008s
2025-07-29 22:28:34,468 - INFO - log_performance:59 - Performance: game_loop took 0.007s
2025-07-29 22:28:34,573 - INFO - log_performance:59 - Performance: game_loop took 0.004s
2025-07-29 22:28:34,684 - INFO - log_performance:59 - Performance: game_loop took 0.008s
2025-07-29 22:28:34,791 - INFO - log_performance:59 - Performance: game_loop took 0.005s
2025-07-29 22:28:34,899 - INFO - log_performance:59 - Performance: game_loop took 0.006s
2025-07-29 22:28:35,012 - INFO - log_performance:59 - Performance: game_loop took 0.009s
2025-07-29 22:28:35,120 - INFO - log_performance:59 - Performance: game_loop took 0.007s
2025-07-29 22:28:35,227 - INFO - log_performance:59 - Performance: game_loop took 0.004s
2025-07-29 22:28:35,331 - INFO - log_performance:59 - Performance: game_loop took 0.004s
2025-07-29 22:28:35,453 - INFO - log_performance:59 - Performance: game_loop took 0.010s
2025-07-29 22:28:35,564 - INFO - log_performance:59 - Performance: game_loop took 0.005s
2025-07-29 22:28:35,672 - INFO - log_performance:59 - Performance: game_loop took 0.006s
2025-07-29 22:28:35,782 - INFO - log_performance:59 - Performance: game_loop took 0.007s
2025-07-29 22:28:35,891 - INFO - log_performance:59 - Performance: game_loop took 0.008s
2025-07-29 22:28:35,997 - INFO - log_performance:59 - Performance: game_loop took 0.004s
2025-07-29 22:28:36,104 - INFO - log_performance:59 - Performance: game_loop took 0.005s
2025-07-29 22:28:36,212 - INFO - log_performance:59 - Performance: game_loop took 0.004s
2025-07-29 22:28:36,324 - INFO - log_performance:59 - Performance: game_loop took 0.008s
2025-07-29 22:28:36,429 - INFO - log_performance:59 - Performance: game_loop took 0.003s
2025-07-29 22:28:36,537 - INFO - log_performance:59 - Performance: game_loop took 0.004s
2025-07-29 22:28:36,650 - INFO - log_performance:59 - Performance: game_loop took 0.007s
2025-07-29 22:28:36,759 - INFO - log_performance:59 - Performance: game_loop took 0.007s
2025-07-29 22:28:36,865 - INFO - log_performance:59 - Performance: game_loop took 0.004s
2025-07-29 22:28:36,978 - INFO - log_performance:59 - Performance: game_loop took 0.007s
2025-07-29 22:28:37,088 - INFO - log_performance:59 - Performance: game_loop took 0.009s
2025-07-29 22:28:37,197 - INFO - log_performance:59 - Performance: game_loop took 0.003s
2025-07-29 22:28:37,304 - INFO - log_performance:59 - Performance: game_loop took 0.005s
2025-07-29 22:28:37,414 - INFO - log_performance:59 - Performance: game_loop took 0.007s
2025-07-29 22:28:37,525 - INFO - log_performance:59 - Performance: game_loop took 0.009s
2025-07-29 22:28:37,641 - INFO - log_performance:59 - Performance: game_loop took 0.007s
2025-07-29 22:28:37,750 - INFO - log_performance:59 - Performance: game_loop took 0.007s
2025-07-29 22:28:37,857 - INFO - log_performance:59 - Performance: game_loop took 0.004s
2025-07-29 22:28:37,967 - INFO - log_performance:59 - Performance: game_loop took 0.005s
2025-07-29 22:28:38,080 - INFO - log_performance:59 - Performance: game_loop took 0.008s
2025-07-29 22:28:38,187 - INFO - log_performance:59 - Performance: game_loop took 0.004s
2025-07-29 22:28:38,292 - INFO - log_performance:59 - Performance: game_loop took 0.004s
2025-07-29 22:28:38,404 - INFO - log_performance:59 - Performance: game_loop took 0.008s
2025-07-29 22:28:38,513 - INFO - log_performance:59 - Performance: game_loop took 0.007s
2025-07-29 22:28:38,621 - INFO - log_performance:59 - Performance: game_loop took 0.007s
2025-07-29 22:28:38,727 - INFO - log_performance:59 - Performance: game_loop took 0.005s
2025-07-29 22:28:38,846 - INFO - log_performance:59 - Performance: game_loop took 0.006s
2025-07-29 22:28:38,954 - INFO - log_performance:59 - Performance: game_loop took 0.007s
2025-07-29 22:28:39,061 - INFO - log_performance:59 - Performance: game_loop took 0.006s
2025-07-29 22:28:39,170 - INFO - log_performance:59 - Performance: game_loop took 0.007s
2025-07-29 22:28:39,274 - INFO - log_performance:59 - Performance: game_loop took 0.004s
2025-07-29 22:28:39,391 - INFO - log_performance:59 - Performance: game_loop took 0.008s
2025-07-29 22:28:39,501 - INFO - log_performance:59 - Performance: game_loop took 0.007s
2025-07-29 22:28:39,609 - INFO - log_performance:59 - Performance: game_loop took 0.008s
2025-07-29 22:28:39,718 - INFO - log_performance:59 - Performance: game_loop took 0.007s
2025-07-29 22:28:39,829 - INFO - log_performance:59 - Performance: game_loop took 0.011s
2025-07-29 22:28:39,952 - INFO - log_performance:59 - Performance: game_loop took 0.008s
2025-07-29 22:28:40,061 - INFO - log_performance:59 - Performance: game_loop took 0.008s
2025-07-29 22:28:40,169 - INFO - log_performance:59 - Performance: game_loop took 0.006s
2025-07-29 22:28:40,276 - INFO - log_performance:59 - Performance: game_loop took 0.004s
2025-07-29 22:28:40,386 - INFO - log_performance:59 - Performance: game_loop took 0.003s
2025-07-29 22:28:40,501 - INFO - log_performance:59 - Performance: game_loop took 0.009s
2025-07-29 22:28:40,623 - INFO - log_performance:59 - Performance: game_loop took 0.007s
2025-07-29 22:28:40,732 - INFO - log_performance:59 - Performance: game_loop took 0.008s
2025-07-29 22:28:40,843 - INFO - log_performance:59 - Performance: game_loop took 0.004s
2025-07-29 22:28:40,949 - INFO - log_performance:59 - Performance: game_loop took 0.005s
2025-07-29 22:28:41,058 - INFO - log_performance:59 - Performance: game_loop took 0.004s
2025-07-29 22:28:41,174 - INFO - log_performance:59 - Performance: game_loop took 0.009s
2025-07-29 22:28:41,281 - INFO - log_performance:59 - Performance: game_loop took 0.004s
2025-07-29 22:28:41,389 - INFO - log_performance:59 - Performance: game_loop took 0.008s
2025-07-29 22:28:41,500 - INFO - log_performance:59 - Performance: game_loop took 0.007s
2025-07-29 22:28:41,613 - INFO - log_performance:59 - Performance: game_loop took 0.009s
2025-07-29 22:28:41,727 - INFO - log_performance:59 - Performance: game_loop took 0.008s
2025-07-29 22:28:41,836 - INFO - log_performance:59 - Performance: game_loop took 0.007s
2025-07-29 22:28:41,947 - INFO - log_performance:59 - Performance: game_loop took 0.011s
2025-07-29 22:28:42,063 - INFO - log_performance:59 - Performance: game_loop took 0.009s
2025-07-29 22:28:42,171 - INFO - log_performance:59 - Performance: game_loop took 0.007s
2025-07-29 22:28:42,284 - INFO - log_performance:59 - Performance: game_loop took 0.003s
2025-07-29 22:28:42,388 - INFO - log_performance:59 - Performance: game_loop took 0.004s
2025-07-29 22:28:42,495 - INFO - log_performance:59 - Performance: game_loop took 0.004s
2025-07-29 22:28:42,609 - INFO - log_performance:59 - Performance: game_loop took 0.009s
2025-07-29 22:28:42,719 - INFO - log_performance:59 - Performance: game_loop took 0.009s
2025-07-29 22:28:42,831 - INFO - log_performance:59 - Performance: game_loop took 0.011s
2025-07-29 22:28:42,942 - INFO - log_performance:59 - Performance: game_loop took 0.007s
2025-07-29 22:28:43,049 - INFO - log_performance:59 - Performance: game_loop took 0.006s
2025-07-29 22:28:43,159 - INFO - log_performance:59 - Performance: game_loop took 0.008s
2025-07-29 22:28:43,267 - INFO - log_performance:59 - Performance: game_loop took 0.007s
2025-07-29 22:28:43,377 - INFO - log_performance:59 - Performance: game_loop took 0.007s
2025-07-29 22:28:43,490 - INFO - log_performance:59 - Performance: game_loop took 0.010s
2025-07-29 22:28:43,613 - INFO - log_performance:59 - Performance: game_loop took 0.010s
2025-07-29 22:28:43,736 - INFO - log_performance:59 - Performance: game_loop took 0.008s
2025-07-29 22:28:43,847 - INFO - log_performance:59 - Performance: game_loop took 0.008s
2025-07-29 22:28:43,952 - INFO - log_performance:59 - Performance: game_loop took 0.005s
2025-07-29 22:28:44,066 - INFO - log_performance:59 - Performance: game_loop took 0.010s
2025-07-29 22:28:44,186 - INFO - log_performance:59 - Performance: game_loop took 0.006s
2025-07-29 22:28:44,291 - INFO - log_performance:59 - Performance: game_loop took 0.003s
2025-07-29 22:28:44,400 - INFO - log_performance:59 - Performance: game_loop took 0.005s
2025-07-29 22:28:44,508 - INFO - log_performance:59 - Performance: game_loop took 0.004s
2025-07-29 22:28:44,624 - INFO - log_performance:59 - Performance: game_loop took 0.007s
2025-07-29 22:28:44,736 - INFO - log_performance:59 - Performance: game_loop took 0.009s
2025-07-29 22:28:44,857 - INFO - log_performance:59 - Performance: game_loop took 0.008s
2025-07-29 22:28:44,969 - INFO - log_performance:59 - Performance: game_loop took 0.008s
2025-07-29 22:28:45,077 - INFO - log_performance:59 - Performance: game_loop took 0.007s
2025-07-29 22:28:45,188 - INFO - log_performance:59 - Performance: game_loop took 0.010s
2025-07-29 22:28:45,307 - INFO - log_performance:59 - Performance: game_loop took 0.004s
2025-07-29 22:28:45,422 - INFO - log_performance:59 - Performance: game_loop took 0.008s
2025-07-29 22:28:45,530 - INFO - log_performance:59 - Performance: game_loop took 0.007s
2025-07-29 22:28:45,641 - INFO - log_performance:59 - Performance: game_loop took 0.010s
2025-07-29 22:28:45,754 - INFO - log_performance:59 - Performance: game_loop took 0.007s
2025-07-29 22:28:45,874 - INFO - log_performance:59 - Performance: game_loop took 0.009s
2025-07-29 22:28:45,983 - INFO - log_performance:59 - Performance: game_loop took 0.007s
2025-07-29 22:28:46,093 - INFO - log_performance:59 - Performance: game_loop took 0.009s
2025-07-29 22:28:46,201 - INFO - log_performance:59 - Performance: game_loop took 0.007s
2025-07-29 22:28:46,308 - INFO - log_performance:59 - Performance: game_loop took 0.006s
2025-07-29 22:28:46,417 - INFO - log_performance:59 - Performance: game_loop took 0.006s
2025-07-29 22:28:46,528 - INFO - log_performance:59 - Performance: game_loop took 0.008s
2025-07-29 22:28:46,636 - INFO - log_performance:59 - Performance: game_loop took 0.008s
2025-07-29 22:28:46,742 - INFO - log_performance:59 - Performance: game_loop took 0.005s
2025-07-29 22:28:46,855 - INFO - log_performance:59 - Performance: game_loop took 0.008s
2025-07-29 22:28:46,967 - INFO - log_performance:59 - Performance: game_loop took 0.009s
2025-07-29 22:28:47,076 - INFO - log_performance:59 - Performance: game_loop took 0.009s
2025-07-29 22:28:47,185 - INFO - log_performance:59 - Performance: game_loop took 0.008s
2025-07-29 22:28:47,291 - INFO - log_performance:59 - Performance: game_loop took 0.004s
2025-07-29 22:28:47,402 - INFO - log_performance:59 - Performance: game_loop took 0.003s
2025-07-29 22:28:47,518 - INFO - log_performance:59 - Performance: game_loop took 0.010s
2025-07-29 22:28:47,625 - INFO - log_performance:59 - Performance: game_loop took 0.005s
2025-07-29 22:28:47,735 - INFO - log_performance:59 - Performance: game_loop took 0.008s
2025-07-29 22:28:47,842 - INFO - log_performance:59 - Performance: game_loop took 0.006s
2025-07-29 22:28:47,949 - INFO - log_performance:59 - Performance: game_loop took 0.006s
2025-07-29 22:28:48,063 - INFO - log_performance:59 - Performance: game_loop took 0.009s
2025-07-29 22:28:48,186 - INFO - log_performance:59 - Performance: game_loop took 0.009s
2025-07-29 22:28:48,294 - INFO - log_performance:59 - Performance: game_loop took 0.007s
2025-07-29 22:28:48,398 - INFO - log_performance:59 - Performance: game_loop took 0.004s
2025-07-29 22:28:48,515 - INFO - log_performance:59 - Performance: game_loop took 0.008s
2025-07-29 22:28:48,624 - INFO - log_performance:59 - Performance: game_loop took 0.007s
2025-07-29 22:28:48,734 - INFO - log_performance:59 - Performance: game_loop took 0.009s
2025-07-29 22:28:48,842 - INFO - log_performance:59 - Performance: game_loop took 0.007s
2025-07-29 22:28:48,947 - INFO - log_performance:59 - Performance: game_loop took 0.004s
2025-07-29 22:28:49,059 - INFO - log_performance:59 - Performance: game_loop took 0.007s
2025-07-29 22:28:49,171 - INFO - log_performance:59 - Performance: game_loop took 0.009s
2025-07-29 22:28:49,279 - INFO - log_performance:59 - Performance: game_loop took 0.007s
2025-07-29 22:28:49,385 - INFO - log_performance:59 - Performance: game_loop took 0.004s
2025-07-29 22:28:49,498 - INFO - log_performance:59 - Performance: game_loop took 0.009s
2025-07-29 22:28:49,606 - INFO - log_performance:59 - Performance: game_loop took 0.008s
2025-07-29 22:28:49,714 - INFO - log_performance:59 - Performance: game_loop took 0.003s
2025-07-29 22:28:49,831 - INFO - log_performance:59 - Performance: game_loop took 0.010s
2025-07-29 22:28:49,948 - INFO - log_performance:59 - Performance: game_loop took 0.008s
2025-07-29 22:28:50,057 - INFO - log_performance:59 - Performance: game_loop took 0.005s
2025-07-29 22:28:50,171 - INFO - log_performance:59 - Performance: game_loop took 0.009s
2025-07-29 22:28:50,281 - INFO - log_performance:59 - Performance: game_loop took 0.009s
2025-07-29 22:28:50,386 - INFO - log_performance:59 - Performance: game_loop took 0.004s
2025-07-29 22:28:50,498 - INFO - log_performance:59 - Performance: game_loop took 0.007s
2025-07-29 22:28:50,610 - INFO - log_performance:59 - Performance: game_loop took 0.009s
2025-07-29 22:28:50,717 - INFO - log_performance:59 - Performance: game_loop took 0.005s
2025-07-29 22:28:50,824 - INFO - log_performance:59 - Performance: game_loop took 0.006s
2025-07-29 22:28:50,932 - INFO - log_performance:59 - Performance: game_loop took 0.005s
2025-07-29 22:28:51,047 - INFO - log_performance:59 - Performance: game_loop took 0.009s
2025-07-29 22:28:51,157 - INFO - log_performance:59 - Performance: game_loop took 0.004s
2025-07-29 22:28:51,269 - INFO - log_performance:59 - Performance: game_loop took 0.008s
2025-07-29 22:28:51,376 - INFO - log_performance:59 - Performance: game_loop took 0.004s
2025-07-29 22:28:51,491 - INFO - log_performance:59 - Performance: game_loop took 0.008s
2025-07-29 22:28:51,601 - INFO - log_performance:59 - Performance: game_loop took 0.007s
2025-07-29 22:28:51,720 - INFO - log_performance:59 - Performance: game_loop took 0.007s
2025-07-29 22:28:51,830 - INFO - log_performance:59 - Performance: game_loop took 0.009s
2025-07-29 22:28:51,942 - INFO - log_performance:59 - Performance: game_loop took 0.007s
2025-07-29 22:28:52,051 - INFO - log_performance:59 - Performance: game_loop took 0.008s
2025-07-29 22:28:52,161 - INFO - log_performance:59 - Performance: game_loop took 0.008s
2025-07-29 22:28:52,270 - INFO - log_performance:59 - Performance: game_loop took 0.007s
2025-07-29 22:28:52,376 - INFO - log_performance:59 - Performance: game_loop took 0.004s
2025-07-29 22:28:52,488 - INFO - log_performance:59 - Performance: game_loop took 0.006s
2025-07-29 22:28:52,613 - INFO - log_performance:59 - Performance: game_loop took 0.009s
2025-07-29 22:28:52,722 - INFO - log_performance:59 - Performance: game_loop took 0.008s
2025-07-29 22:28:52,831 - INFO - log_performance:59 - Performance: game_loop took 0.007s
2025-07-29 22:28:52,942 - INFO - log_performance:59 - Performance: game_loop took 0.010s
2025-07-29 22:28:53,060 - INFO - log_performance:59 - Performance: game_loop took 0.008s
2025-07-29 22:28:53,167 - INFO - log_performance:59 - Performance: game_loop took 0.005s
2025-07-29 22:28:53,282 - INFO - log_performance:59 - Performance: game_loop took 0.007s
2025-07-29 22:28:53,389 - INFO - log_performance:59 - Performance: game_loop took 0.005s
2025-07-29 22:28:53,502 - INFO - log_performance:59 - Performance: game_loop took 0.007s
2025-07-29 22:28:53,610 - INFO - log_performance:59 - Performance: game_loop took 0.005s
2025-07-29 22:28:53,719 - INFO - log_performance:59 - Performance: game_loop took 0.009s
2025-07-29 22:28:53,827 - INFO - log_performance:59 - Performance: game_loop took 0.005s
2025-07-29 22:28:53,936 - INFO - log_performance:59 - Performance: game_loop took 0.008s
2025-07-29 22:28:54,048 - INFO - log_performance:59 - Performance: game_loop took 0.007s
2025-07-29 22:28:54,155 - INFO - log_performance:59 - Performance: game_loop took 0.006s
2025-07-29 22:28:54,266 - INFO - log_performance:59 - Performance: game_loop took 0.008s
2025-07-29 22:28:54,373 - INFO - log_performance:59 - Performance: game_loop took 0.006s
2025-07-29 22:28:54,480 - INFO - log_performance:59 - Performance: game_loop took 0.004s
2025-07-29 22:28:54,593 - INFO - log_performance:59 - Performance: game_loop took 0.006s
2025-07-29 22:28:54,701 - INFO - log_performance:59 - Performance: game_loop took 0.008s
2025-07-29 22:28:54,810 - INFO - log_performance:59 - Performance: game_loop took 0.008s
2025-07-29 22:28:54,917 - INFO - log_performance:59 - Performance: game_loop took 0.006s
2025-07-29 22:28:55,027 - INFO - log_performance:59 - Performance: game_loop took 0.008s
2025-07-29 22:28:55,136 - INFO - log_performance:59 - Performance: game_loop took 0.008s
2025-07-29 22:28:55,247 - INFO - log_performance:59 - Performance: game_loop took 0.008s
2025-07-29 22:28:55,356 - INFO - log_performance:59 - Performance: game_loop took 0.007s
2025-07-29 22:28:55,461 - INFO - log_performance:59 - Performance: game_loop took 0.003s
2025-07-29 22:28:55,567 - INFO - log_performance:59 - Performance: game_loop took 0.004s
2025-07-29 22:28:55,682 - INFO - log_performance:59 - Performance: game_loop took 0.009s
2025-07-29 22:28:55,790 - INFO - log_performance:59 - Performance: game_loop took 0.003s
2025-07-29 22:28:55,895 - INFO - log_performance:59 - Performance: game_loop took 0.005s
2025-07-29 22:28:56,001 - INFO - log_performance:59 - Performance: game_loop took 0.003s
2025-07-29 22:28:56,106 - INFO - log_performance:59 - Performance: game_loop took 0.003s
2025-07-29 22:28:56,217 - INFO - log_performance:59 - Performance: game_loop took 0.008s
2025-07-29 22:28:56,327 - INFO - log_performance:59 - Performance: game_loop took 0.008s
2025-07-29 22:28:56,435 - INFO - log_performance:59 - Performance: game_loop took 0.003s
2025-07-29 22:28:56,549 - INFO - log_performance:59 - Performance: game_loop took 0.009s
2025-07-29 22:28:56,656 - INFO - log_performance:59 - Performance: game_loop took 0.004s
2025-07-29 22:28:56,764 - INFO - log_performance:59 - Performance: game_loop took 0.007s
2025-07-29 22:28:56,871 - INFO - log_performance:59 - Performance: game_loop took 0.006s
2025-07-29 22:28:56,981 - INFO - log_performance:59 - Performance: game_loop took 0.006s
2025-07-29 22:28:57,094 - INFO - log_performance:59 - Performance: game_loop took 0.008s
2025-07-29 22:28:57,208 - INFO - log_performance:59 - Performance: game_loop took 0.008s
2025-07-29 22:28:57,318 - INFO - log_performance:59 - Performance: game_loop took 0.009s
2025-07-29 22:28:57,430 - INFO - log_performance:59 - Performance: game_loop took 0.004s
2025-07-29 22:28:57,541 - INFO - log_performance:59 - Performance: game_loop took 0.006s
2025-07-29 22:28:57,659 - INFO - log_performance:59 - Performance: game_loop took 0.009s
2025-07-29 22:28:57,783 - INFO - log_performance:59 - Performance: game_loop took 0.007s
2025-07-29 22:28:57,888 - INFO - log_performance:59 - Performance: game_loop took 0.004s
2025-07-29 22:28:57,993 - INFO - log_performance:59 - Performance: game_loop took 0.003s
2025-07-29 22:28:58,110 - INFO - log_performance:59 - Performance: game_loop took 0.010s
2025-07-29 22:28:58,232 - INFO - log_performance:59 - Performance: game_loop took 0.008s
2025-07-29 22:28:58,342 - INFO - log_performance:59 - Performance: game_loop took 0.009s
2025-07-29 22:28:58,461 - INFO - log_performance:59 - Performance: game_loop took 0.004s
2025-07-29 22:28:58,579 - INFO - log_performance:59 - Performance: game_loop took 0.009s
2025-07-29 22:28:58,686 - INFO - log_performance:59 - Performance: game_loop took 0.007s
2025-07-29 22:28:58,794 - INFO - log_performance:59 - Performance: game_loop took 0.007s
2025-07-29 22:28:58,902 - INFO - log_performance:59 - Performance: game_loop took 0.006s
2025-07-29 22:28:59,008 - INFO - log_performance:59 - Performance: game_loop took 0.004s
2025-07-29 22:28:59,121 - INFO - log_performance:59 - Performance: game_loop took 0.008s
2025-07-29 22:28:59,227 - INFO - log_performance:59 - Performance: game_loop took 0.003s
2025-07-29 22:28:59,341 - INFO - log_performance:59 - Performance: game_loop took 0.009s
2025-07-29 22:28:59,449 - INFO - log_performance:59 - Performance: game_loop took 0.006s
2025-07-29 22:28:59,559 - INFO - log_performance:59 - Performance: game_loop took 0.007s
2025-07-29 22:28:59,670 - INFO - log_performance:59 - Performance: game_loop took 0.009s
2025-07-29 22:28:59,779 - INFO - log_performance:59 - Performance: game_loop took 0.008s
2025-07-29 22:28:59,889 - INFO - log_performance:59 - Performance: game_loop took 0.009s
2025-07-29 22:28:59,992 - INFO - log_performance:59 - Performance: game_loop took 0.003s
2025-07-29 22:29:00,104 - INFO - log_performance:59 - Performance: game_loop took 0.007s
2025-07-29 22:29:00,213 - INFO - log_performance:59 - Performance: game_loop took 0.005s
2025-07-29 22:29:00,327 - INFO - log_performance:59 - Performance: game_loop took 0.011s
2025-07-29 22:29:00,438 - INFO - log_performance:59 - Performance: game_loop took 0.005s
2025-07-29 22:29:00,556 - INFO - log_performance:59 - Performance: game_loop took 0.004s
2025-07-29 22:29:00,668 - INFO - log_performance:59 - Performance: game_loop took 0.009s
2025-07-29 22:29:00,779 - INFO - log_performance:59 - Performance: game_loop took 0.008s
2025-07-29 22:29:00,890 - INFO - log_performance:59 - Performance: game_loop took 0.008s
2025-07-29 22:29:01,000 - INFO - log_performance:59 - Performance: game_loop took 0.009s
2025-07-29 22:29:01,108 - INFO - log_performance:59 - Performance: game_loop took 0.006s
2025-07-29 22:29:01,219 - INFO - log_performance:59 - Performance: game_loop took 0.007s
2025-07-29 22:29:01,327 - INFO - log_performance:59 - Performance: game_loop took 0.007s
2025-07-29 22:29:01,443 - INFO - log_performance:59 - Performance: game_loop took 0.004s
2025-07-29 22:29:01,551 - INFO - log_performance:59 - Performance: game_loop took 0.003s
2025-07-29 22:29:01,665 - INFO - log_performance:59 - Performance: game_loop took 0.007s
2025-07-29 22:29:01,777 - INFO - log_performance:59 - Performance: game_loop took 0.009s
2025-07-29 22:29:01,891 - INFO - log_performance:59 - Performance: game_loop took 0.007s
2025-07-29 22:29:01,999 - INFO - log_performance:59 - Performance: game_loop took 0.007s
2025-07-29 22:29:02,110 - INFO - log_performance:59 - Performance: game_loop took 0.008s
2025-07-29 22:29:02,220 - INFO - log_performance:59 - Performance: game_loop took 0.007s
2025-07-29 22:29:02,331 - INFO - log_performance:59 - Performance: game_loop took 0.008s
2025-07-29 22:29:02,441 - INFO - log_performance:59 - Performance: game_loop took 0.004s
2025-07-29 22:29:02,545 - INFO - log_performance:59 - Performance: game_loop took 0.004s
2025-07-29 22:29:02,653 - INFO - log_performance:59 - Performance: game_loop took 0.005s
2025-07-29 22:29:02,768 - INFO - log_performance:59 - Performance: game_loop took 0.008s
2025-07-29 22:29:02,877 - INFO - log_performance:59 - Performance: game_loop took 0.007s
2025-07-29 22:29:02,988 - INFO - log_performance:59 - Performance: game_loop took 0.004s
2025-07-29 22:29:03,097 - INFO - log_performance:59 - Performance: game_loop took 0.003s
2025-07-29 22:29:03,209 - INFO - log_performance:59 - Performance: game_loop took 0.005s
2025-07-29 22:29:03,322 - INFO - log_performance:59 - Performance: game_loop took 0.008s
2025-07-29 22:29:03,429 - INFO - log_performance:59 - Performance: game_loop took 0.006s
2025-07-29 22:29:03,534 - INFO - log_performance:59 - Performance: game_loop took 0.003s
2025-07-29 22:29:03,647 - INFO - log_performance:59 - Performance: game_loop took 0.008s
2025-07-29 22:29:03,757 - INFO - log_performance:59 - Performance: game_loop took 0.007s
2025-07-29 22:29:03,865 - INFO - log_performance:59 - Performance: game_loop took 0.006s
2025-07-29 22:29:03,974 - INFO - log_performance:59 - Performance: game_loop took 0.007s
2025-07-29 22:29:04,082 - INFO - log_performance:59 - Performance: game_loop took 0.006s
2025-07-29 22:29:04,194 - INFO - log_performance:59 - Performance: game_loop took 0.008s
2025-07-29 22:29:04,314 - INFO - log_performance:59 - Performance: game_loop took 0.008s
2025-07-29 22:29:04,421 - INFO - log_performance:59 - Performance: game_loop took 0.006s
2025-07-29 22:29:04,526 - INFO - log_performance:59 - Performance: game_loop took 0.003s
2025-07-29 22:29:04,636 - INFO - log_performance:59 - Performance: game_loop took 0.004s
2025-07-29 22:29:04,747 - INFO - log_performance:59 - Performance: game_loop took 0.007s
2025-07-29 22:29:04,862 - INFO - log_performance:59 - Performance: game_loop took 0.008s
2025-07-29 22:29:04,981 - INFO - log_performance:59 - Performance: game_loop took 0.008s
2025-07-29 22:29:05,093 - INFO - log_performance:59 - Performance: game_loop took 0.009s
2025-07-29 22:29:05,201 - INFO - log_performance:59 - Performance: game_loop took 0.007s
2025-07-29 22:29:05,310 - INFO - log_performance:59 - Performance: game_loop took 0.006s
2025-07-29 22:29:05,417 - INFO - log_performance:59 - Performance: game_loop took 0.005s
2025-07-29 22:29:05,525 - INFO - log_performance:59 - Performance: game_loop took 0.004s
2025-07-29 22:29:05,642 - INFO - log_performance:59 - Performance: game_loop took 0.008s
2025-07-29 22:29:05,750 - INFO - log_performance:59 - Performance: game_loop took 0.007s
2025-07-29 22:29:05,874 - INFO - log_performance:59 - Performance: game_loop took 0.008s
2025-07-29 22:29:05,981 - INFO - log_performance:59 - Performance: game_loop took 0.007s
2025-07-29 22:29:06,091 - INFO - log_performance:59 - Performance: game_loop took 0.008s
2025-07-29 22:29:06,201 - INFO - log_performance:59 - Performance: game_loop took 0.009s
2025-07-29 22:29:06,309 - INFO - log_performance:59 - Performance: game_loop took 0.007s
2025-07-29 22:29:06,421 - INFO - log_performance:59 - Performance: game_loop took 0.004s
2025-07-29 22:29:06,525 - INFO - log_performance:59 - Performance: game_loop took 0.004s
2025-07-29 22:29:06,638 - INFO - log_performance:59 - Performance: game_loop took 0.009s
2025-07-29 22:29:06,749 - INFO - log_performance:59 - Performance: game_loop took 0.007s
2025-07-29 22:29:06,854 - INFO - log_performance:59 - Performance: game_loop took 0.004s
2025-07-29 22:29:06,968 - INFO - log_performance:59 - Performance: game_loop took 0.007s
2025-07-29 22:29:07,075 - INFO - log_performance:59 - Performance: game_loop took 0.006s
2025-07-29 22:29:07,183 - INFO - log_performance:59 - Performance: game_loop took 0.003s
2025-07-29 22:29:07,298 - INFO - log_performance:59 - Performance: game_loop took 0.009s
2025-07-29 22:29:07,414 - INFO - log_performance:59 - Performance: game_loop took 0.007s
2025-07-29 22:29:07,527 - INFO - log_performance:59 - Performance: game_loop took 0.004s
2025-07-29 22:29:07,640 - INFO - log_performance:59 - Performance: game_loop took 0.007s
2025-07-29 22:29:07,751 - INFO - log_performance:59 - Performance: game_loop took 0.004s
2025-07-29 22:29:07,858 - INFO - log_performance:59 - Performance: game_loop took 0.004s
2025-07-29 22:29:07,967 - INFO - log_performance:59 - Performance: game_loop took 0.008s
2025-07-29 22:29:08,083 - INFO - log_performance:59 - Performance: game_loop took 0.008s
2025-07-29 22:29:08,200 - INFO - log_performance:59 - Performance: game_loop took 0.004s
2025-07-29 22:29:08,312 - INFO - log_performance:59 - Performance: game_loop took 0.010s
2025-07-29 22:29:08,424 - INFO - log_performance:59 - Performance: game_loop took 0.010s
2025-07-29 22:29:08,541 - INFO - log_performance:59 - Performance: game_loop took 0.004s
2025-07-29 22:29:08,655 - INFO - log_performance:59 - Performance: game_loop took 0.007s
2025-07-29 22:29:08,765 - INFO - log_performance:59 - Performance: game_loop took 0.010s
2025-07-29 22:29:08,873 - INFO - log_performance:59 - Performance: game_loop took 0.004s
2025-07-29 22:29:08,982 - INFO - log_performance:59 - Performance: game_loop took 0.008s
2025-07-29 22:29:09,088 - INFO - log_performance:59 - Performance: game_loop took 0.006s
2025-07-29 22:29:09,196 - INFO - log_performance:59 - Performance: game_loop took 0.003s
2025-07-29 22:29:09,311 - INFO - log_performance:59 - Performance: game_loop took 0.009s
2025-07-29 22:29:09,432 - INFO - log_performance:59 - Performance: game_loop took 0.007s
2025-07-29 22:29:09,538 - INFO - log_performance:59 - Performance: game_loop took 0.004s
2025-07-29 22:29:09,650 - INFO - log_performance:59 - Performance: game_loop took 0.006s
2025-07-29 22:29:09,757 - INFO - log_performance:59 - Performance: game_loop took 0.004s
2025-07-29 22:29:09,871 - INFO - log_performance:59 - Performance: game_loop took 0.007s
2025-07-29 22:29:09,980 - INFO - log_performance:59 - Performance: game_loop took 0.007s
2025-07-29 22:29:10,087 - INFO - log_performance:59 - Performance: game_loop took 0.005s
2025-07-29 22:29:10,197 - INFO - log_performance:59 - Performance: game_loop took 0.007s
2025-07-29 22:29:10,305 - INFO - log_performance:59 - Performance: game_loop took 0.007s
2025-07-29 22:29:10,414 - INFO - log_performance:59 - Performance: game_loop took 0.008s
2025-07-29 22:29:10,524 - INFO - log_performance:59 - Performance: game_loop took 0.004s
2025-07-29 22:29:10,633 - INFO - log_performance:59 - Performance: game_loop took 0.004s
2025-07-29 22:29:10,749 - INFO - log_performance:59 - Performance: game_loop took 0.007s
2025-07-29 22:29:10,861 - INFO - log_performance:59 - Performance: game_loop took 0.009s
2025-07-29 22:29:10,968 - INFO - log_performance:59 - Performance: game_loop took 0.003s
2025-07-29 22:29:11,079 - INFO - log_performance:59 - Performance: game_loop took 0.009s
2025-07-29 22:29:11,187 - INFO - log_performance:59 - Performance: game_loop took 0.007s
2025-07-29 22:29:11,294 - INFO - log_performance:59 - Performance: game_loop took 0.004s
2025-07-29 22:29:11,408 - INFO - log_performance:59 - Performance: game_loop took 0.009s
2025-07-29 22:29:11,528 - INFO - log_performance:59 - Performance: game_loop took 0.007s
2025-07-29 22:29:11,637 - INFO - log_performance:59 - Performance: game_loop took 0.004s
2025-07-29 22:29:11,747 - INFO - log_performance:59 - Performance: game_loop took 0.005s
2025-07-29 22:29:11,858 - INFO - log_performance:59 - Performance: game_loop took 0.008s
2025-07-29 22:29:11,966 - INFO - log_performance:59 - Performance: game_loop took 0.007s
2025-07-29 22:29:12,076 - INFO - log_performance:59 - Performance: game_loop took 0.007s
2025-07-29 22:29:12,182 - INFO - log_performance:59 - Performance: game_loop took 0.004s
2025-07-29 22:29:12,293 - INFO - log_performance:59 - Performance: game_loop took 0.007s
2025-07-29 22:29:12,404 - INFO - log_performance:59 - Performance: game_loop took 0.008s
2025-07-29 22:29:12,513 - INFO - log_performance:59 - Performance: game_loop took 0.007s
2025-07-29 22:29:12,618 - INFO - log_performance:59 - Performance: game_loop took 0.004s
2025-07-29 22:29:12,729 - INFO - log_performance:59 - Performance: game_loop took 0.005s
2025-07-29 22:29:12,842 - INFO - log_performance:59 - Performance: game_loop took 0.007s
2025-07-29 22:29:12,954 - INFO - log_performance:59 - Performance: game_loop took 0.009s
2025-07-29 22:29:13,062 - INFO - log_performance:59 - Performance: game_loop took 0.007s
2025-07-29 22:29:13,174 - INFO - log_performance:59 - Performance: game_loop took 0.010s
2025-07-29 22:29:13,298 - INFO - log_performance:59 - Performance: game_loop took 0.008s
2025-07-29 22:29:13,404 - INFO - log_performance:59 - Performance: game_loop took 0.005s
2025-07-29 22:29:13,508 - INFO - log_performance:59 - Performance: game_loop took 0.003s
2025-07-29 22:29:13,619 - INFO - log_performance:59 - Performance: game_loop took 0.006s
2025-07-29 22:29:13,733 - INFO - log_performance:59 - Performance: game_loop took 0.008s
2025-07-29 22:29:13,842 - INFO - log_performance:59 - Performance: game_loop took 0.008s
2025-07-29 22:29:13,949 - INFO - log_performance:59 - Performance: game_loop took 0.007s
2025-07-29 22:29:14,063 - INFO - log_performance:59 - Performance: game_loop took 0.011s
2025-07-29 22:29:14,185 - INFO - log_performance:59 - Performance: game_loop took 0.008s
2025-07-29 22:29:14,295 - INFO - log_performance:59 - Performance: game_loop took 0.008s
2025-07-29 22:29:14,402 - INFO - log_performance:59 - Performance: game_loop took 0.006s
2025-07-29 22:29:14,511 - INFO - log_performance:59 - Performance: game_loop took 0.007s
2025-07-29 22:29:14,617 - INFO - log_performance:59 - Performance: game_loop took 0.003s
2025-07-29 22:29:14,733 - INFO - log_performance:59 - Performance: game_loop took 0.008s
2025-07-29 22:29:14,856 - INFO - log_performance:59 - Performance: game_loop took 0.008s
2025-07-29 22:29:14,969 - INFO - log_performance:59 - Performance: game_loop took 0.010s
2025-07-29 22:29:15,091 - INFO - log_performance:59 - Performance: game_loop took 0.007s
2025-07-29 22:29:15,200 - INFO - log_performance:59 - Performance: game_loop took 0.008s
2025-07-29 22:29:15,309 - INFO - log_performance:59 - Performance: game_loop took 0.008s
2025-07-29 22:29:15,414 - INFO - log_performance:59 - Performance: game_loop took 0.003s
2025-07-29 22:29:15,529 - INFO - log_performance:59 - Performance: game_loop took 0.008s
2025-07-29 22:29:15,635 - INFO - log_performance:59 - Performance: game_loop took 0.005s
2025-07-29 22:29:15,743 - INFO - log_performance:59 - Performance: game_loop took 0.004s
2025-07-29 22:29:15,856 - INFO - log_performance:59 - Performance: game_loop took 0.008s
2025-07-29 22:29:15,963 - INFO - log_performance:59 - Performance: game_loop took 0.007s
2025-07-29 22:29:16,074 - INFO - log_performance:59 - Performance: game_loop took 0.009s
2025-07-29 22:29:16,188 - INFO - log_performance:59 - Performance: game_loop took 0.005s
2025-07-29 22:29:16,295 - INFO - log_performance:59 - Performance: game_loop took 0.004s
2025-07-29 22:29:16,408 - INFO - log_performance:59 - Performance: game_loop took 0.006s
2025-07-29 22:29:16,527 - INFO - log_performance:59 - Performance: game_loop took 0.008s
2025-07-29 22:29:16,636 - INFO - log_performance:59 - Performance: game_loop took 0.005s
2025-07-29 22:29:16,746 - INFO - log_performance:59 - Performance: game_loop took 0.006s
2025-07-29 22:29:16,857 - INFO - log_performance:59 - Performance: game_loop took 0.008s
2025-07-29 22:29:16,973 - INFO - log_performance:59 - Performance: game_loop took 0.008s
2025-07-29 22:29:17,084 - INFO - log_performance:59 - Performance: game_loop took 0.006s
2025-07-29 22:29:17,194 - INFO - log_performance:59 - Performance: game_loop took 0.008s
2025-07-29 22:29:17,304 - INFO - log_performance:59 - Performance: game_loop took 0.008s
2025-07-29 22:29:17,416 - INFO - log_performance:59 - Performance: game_loop took 0.007s
2025-07-29 22:29:17,531 - INFO - log_performance:59 - Performance: game_loop took 0.007s
2025-07-29 22:29:17,641 - INFO - log_performance:59 - Performance: game_loop took 0.003s
2025-07-29 22:29:17,750 - INFO - log_performance:59 - Performance: game_loop took 0.008s
2025-07-29 22:29:17,862 - INFO - log_performance:59 - Performance: game_loop took 0.007s
2025-07-29 22:29:17,970 - INFO - log_performance:59 - Performance: game_loop took 0.005s
2025-07-29 22:29:18,078 - INFO - log_performance:59 - Performance: game_loop took 0.007s
2025-07-29 22:29:18,189 - INFO - log_performance:59 - Performance: game_loop took 0.009s
2025-07-29 22:29:18,298 - INFO - log_performance:59 - Performance: game_loop took 0.005s
2025-07-29 22:29:18,405 - INFO - log_performance:59 - Performance: game_loop took 0.005s
2025-07-29 22:29:18,516 - INFO - log_performance:59 - Performance: game_loop took 0.006s
2025-07-29 22:29:18,623 - INFO - log_performance:59 - Performance: game_loop took 0.005s
2025-07-29 22:29:18,729 - INFO - log_performance:59 - Performance: game_loop took 0.005s
2025-07-29 22:29:18,836 - INFO - log_performance:59 - Performance: game_loop took 0.005s
2025-07-29 22:29:18,947 - INFO - log_performance:59 - Performance: game_loop took 0.005s
2025-07-29 22:29:19,058 - INFO - log_performance:59 - Performance: game_loop took 0.007s
2025-07-29 22:29:19,163 - INFO - log_performance:59 - Performance: game_loop took 0.004s
2025-07-29 22:29:19,267 - INFO - log_performance:59 - Performance: game_loop took 0.004s
2025-07-29 22:29:19,375 - INFO - log_performance:59 - Performance: game_loop took 0.006s
2025-07-29 22:29:19,488 - INFO - log_performance:59 - Performance: game_loop took 0.009s
2025-07-29 22:29:19,597 - INFO - log_performance:59 - Performance: game_loop took 0.004s
2025-07-29 22:29:19,702 - INFO - log_performance:59 - Performance: game_loop took 0.004s
2025-07-29 22:29:19,807 - INFO - log_performance:59 - Performance: game_loop took 0.004s
2025-07-29 22:29:19,914 - INFO - log_performance:59 - Performance: game_loop took 0.005s
2025-07-29 22:29:20,020 - INFO - log_performance:59 - Performance: game_loop took 0.005s
2025-07-29 22:29:20,129 - INFO - log_performance:59 - Performance: game_loop took 0.004s
2025-07-29 22:29:20,236 - INFO - log_performance:59 - Performance: game_loop took 0.004s
2025-07-29 22:29:20,341 - INFO - log_performance:59 - Performance: game_loop took 0.003s
2025-07-29 22:29:20,451 - INFO - log_performance:59 - Performance: game_loop took 0.006s
2025-07-29 22:29:20,559 - INFO - log_performance:59 - Performance: game_loop took 0.004s
2025-07-29 22:29:20,668 - INFO - log_performance:59 - Performance: game_loop took 0.004s
2025-07-29 22:29:20,778 - INFO - log_performance:59 - Performance: game_loop took 0.008s
2025-07-29 22:29:20,887 - INFO - log_performance:59 - Performance: game_loop took 0.007s
2025-07-29 22:29:21,002 - INFO - log_performance:59 - Performance: game_loop took 0.007s
2025-07-29 22:29:21,113 - INFO - log_performance:59 - Performance: game_loop took 0.009s
2025-07-29 22:29:21,219 - INFO - log_performance:59 - Performance: game_loop took 0.004s
2025-07-29 22:29:21,329 - INFO - log_performance:59 - Performance: game_loop took 0.005s
2025-07-29 22:29:21,441 - INFO - log_performance:59 - Performance: game_loop took 0.008s
2025-07-29 22:29:21,548 - INFO - log_performance:59 - Performance: game_loop took 0.006s
2025-07-29 22:29:21,654 - INFO - log_performance:59 - Performance: game_loop took 0.005s
2025-07-29 22:29:21,761 - INFO - log_performance:59 - Performance: game_loop took 0.006s
2025-07-29 22:29:21,872 - INFO - log_performance:59 - Performance: game_loop took 0.005s
2025-07-29 22:29:21,977 - INFO - log_performance:59 - Performance: game_loop took 0.005s
2025-07-29 22:29:22,094 - INFO - log_performance:59 - Performance: game_loop took 0.006s
2025-07-29 22:29:22,201 - INFO - log_performance:59 - Performance: game_loop took 0.005s
2025-07-29 22:29:22,311 - INFO - log_performance:59 - Performance: game_loop took 0.008s
2025-07-29 22:29:22,420 - INFO - log_performance:59 - Performance: game_loop took 0.006s
2025-07-29 22:29:22,529 - INFO - log_performance:59 - Performance: game_loop took 0.006s
2025-07-29 22:29:22,637 - INFO - log_performance:59 - Performance: game_loop took 0.006s
2025-07-29 22:29:22,746 - INFO - log_performance:59 - Performance: game_loop took 0.003s
2025-07-29 22:29:22,852 - INFO - log_performance:59 - Performance: game_loop took 0.004s
2025-07-29 22:29:22,964 - INFO - log_performance:59 - Performance: game_loop took 0.004s
2025-07-29 22:29:23,081 - INFO - log_performance:59 - Performance: game_loop took 0.009s
2025-07-29 22:29:23,206 - INFO - log_performance:59 - Performance: game_loop took 0.011s
2025-07-29 22:29:23,313 - INFO - log_performance:59 - Performance: game_loop took 0.012s
2025-07-29 22:29:23,422 - INFO - log_performance:59 - Performance: game_loop took 0.010s
2025-07-29 22:29:23,532 - INFO - log_performance:59 - Performance: game_loop took 0.010s
2025-07-29 22:29:23,636 - INFO - log_performance:59 - Performance: game_loop took 0.007s
2025-07-29 22:29:23,746 - INFO - log_performance:59 - Performance: game_loop took 0.007s
2025-07-29 22:29:23,857 - INFO - log_performance:59 - Performance: game_loop took 0.009s
2025-07-29 22:29:23,970 - INFO - log_performance:59 - Performance: game_loop took 0.011s
2025-07-29 22:29:24,074 - INFO - log_performance:59 - Performance: game_loop took 0.010s
2025-07-29 22:29:24,187 - INFO - log_performance:59 - Performance: game_loop took 0.012s
2025-07-29 22:29:24,291 - INFO - log_performance:59 - Performance: game_loop took 0.006s
2025-07-29 22:29:24,397 - INFO - log_performance:59 - Performance: game_loop took 0.010s
2025-07-29 22:29:24,500 - INFO - log_performance:59 - Performance: game_loop took 0.011s
2025-07-29 22:29:24,601 - INFO - log_performance:59 - Performance: game_loop took 0.006s
2025-07-29 22:29:24,704 - INFO - log_performance:59 - Performance: game_loop took 0.006s
2025-07-29 22:29:24,807 - INFO - log_performance:59 - Performance: game_loop took 0.009s
2025-07-29 22:29:24,908 - INFO - log_performance:59 - Performance: game_loop took 0.009s
2025-07-29 22:29:25,010 - INFO - log_performance:59 - Performance: game_loop took 0.007s
2025-07-29 22:29:25,116 - INFO - log_performance:59 - Performance: game_loop took 0.009s
2025-07-29 22:29:25,214 - INFO - log_performance:59 - Performance: game_loop took 0.007s
2025-07-29 22:29:25,318 - INFO - log_performance:59 - Performance: game_loop took 0.009s
2025-07-29 22:29:25,422 - INFO - log_performance:59 - Performance: game_loop took 0.006s
2025-07-29 22:29:25,521 - INFO - log_performance:59 - Performance: game_loop took 0.009s
2025-07-29 22:29:25,633 - INFO - log_performance:59 - Performance: game_loop took 0.012s
2025-07-29 22:29:25,731 - INFO - log_performance:59 - Performance: game_loop took 0.006s
2025-07-29 22:29:25,835 - INFO - log_performance:59 - Performance: game_loop took 0.008s
2025-07-29 22:29:25,934 - INFO - log_performance:59 - Performance: game_loop took 0.009s
2025-07-29 22:29:26,037 - INFO - log_performance:59 - Performance: game_loop took 0.009s
2025-07-29 22:29:26,141 - INFO - log_performance:59 - Performance: game_loop took 0.006s
2025-07-29 22:29:26,240 - INFO - log_performance:59 - Performance: game_loop took 0.009s
2025-07-29 22:29:26,338 - INFO - log_performance:59 - Performance: game_loop took 0.006s
2025-07-29 22:29:26,449 - INFO - log_performance:59 - Performance: game_loop took 0.010s
2025-07-29 22:29:26,554 - INFO - log_performance:59 - Performance: game_loop took 0.011s
2025-07-29 22:29:26,652 - INFO - log_performance:59 - Performance: game_loop took 0.006s
2025-07-29 22:29:26,756 - INFO - log_performance:59 - Performance: game_loop took 0.007s
2025-07-29 22:29:26,854 - INFO - log_performance:59 - Performance: game_loop took 0.006s
2025-07-29 22:29:26,951 - INFO - log_performance:59 - Performance: game_loop took 0.006s
2025-07-29 22:29:27,056 - INFO - log_performance:59 - Performance: game_loop took 0.009s
2025-07-29 22:29:27,163 - INFO - log_performance:59 - Performance: game_loop took 0.008s
