2025-07-29 22:36:13,828 - DEBUG - wrapper:342 - matplotlib data path: D:\Python\SnakeTkinter\.venv\lib\site-packages\matplotlib\mpl-data
2025-07-29 22:36:13,835 - DEBUG - wrapper:342 - CONFIGDIR=C:\Users\user\.matplotlib
2025-07-29 22:36:13,836 - DEBUG - <module>:1557 - interactive is False
2025-07-29 22:36:13,836 - DEBUG - <module>:1558 - platform is win32
2025-07-29 22:36:13,912 - DEBUG - wrapper:342 - CACHEDIR=C:\Users\user\.matplotlib
2025-07-29 22:36:13,915 - DEBUG - _load_fontmanager:1635 - Using fontManager instance from C:\Users\user\.matplotlib\fontlist-v390.json
2025-07-29 22:36:18,767 - INFO - log_performance:59 - Performance: game_loop took 0.015s
2025-07-29 22:36:18,880 - INFO - log_performance:59 - Performance: game_loop took 0.003s
2025-07-29 22:36:18,989 - INFO - log_performance:59 - Performance: game_loop took 0.004s
2025-07-29 22:36:19,104 - INFO - log_performance:59 - Performance: game_loop took 0.009s
2025-07-29 22:36:19,215 - INFO - log_performance:59 - Performance: game_loop took 0.009s
2025-07-29 22:36:19,337 - INFO - log_performance:59 - Performance: game_loop took 0.007s
2025-07-29 22:36:19,442 - INFO - log_performance:59 - Performance: game_loop took 0.004s
2025-07-29 22:36:19,554 - INFO - log_performance:59 - Performance: game_loop took 0.007s
2025-07-29 22:36:19,662 - INFO - log_performance:59 - Performance: game_loop took 0.006s
2025-07-29 22:36:19,771 - INFO - log_performance:59 - Performance: game_loop took 0.006s
2025-07-29 22:36:19,882 - INFO - log_performance:59 - Performance: game_loop took 0.007s
2025-07-29 22:36:19,989 - INFO - log_performance:59 - Performance: game_loop took 0.006s
2025-07-29 22:36:20,100 - INFO - log_performance:59 - Performance: game_loop took 0.008s
2025-07-29 22:36:20,207 - INFO - log_performance:59 - Performance: game_loop took 0.006s
2025-07-29 22:36:20,317 - INFO - log_performance:59 - Performance: game_loop took 0.006s
2025-07-29 22:36:20,423 - INFO - log_performance:59 - Performance: game_loop took 0.003s
2025-07-29 22:36:20,527 - INFO - log_performance:59 - Performance: game_loop took 0.004s
2025-07-29 22:36:20,646 - INFO - log_performance:59 - Performance: game_loop took 0.008s
2025-07-29 22:36:20,768 - INFO - log_performance:59 - Performance: game_loop took 0.008s
2025-07-29 22:36:20,880 - INFO - log_performance:59 - Performance: game_loop took 0.008s
2025-07-29 22:36:21,002 - INFO - log_performance:59 - Performance: game_loop took 0.008s
2025-07-29 22:36:21,109 - INFO - log_performance:59 - Performance: game_loop took 0.005s
2025-07-29 22:36:21,214 - INFO - log_performance:59 - Performance: game_loop took 0.004s
2025-07-29 22:36:21,326 - INFO - log_performance:59 - Performance: game_loop took 0.003s
2025-07-29 22:36:21,439 - INFO - log_performance:59 - Performance: game_loop took 0.012s
2025-07-29 22:36:21,549 - INFO - log_performance:59 - Performance: game_loop took 0.005s
2025-07-29 22:36:21,659 - INFO - log_performance:59 - Performance: game_loop took 0.006s
2025-07-29 22:36:21,769 - INFO - log_performance:59 - Performance: game_loop took 0.004s
2025-07-29 22:36:21,880 - INFO - log_performance:59 - Performance: game_loop took 0.004s
2025-07-29 22:36:21,990 - INFO - log_performance:59 - Performance: game_loop took 0.003s
2025-07-29 22:36:22,102 - INFO - log_performance:59 - Performance: game_loop took 0.006s
2025-07-29 22:36:22,212 - INFO - log_performance:59 - Performance: game_loop took 0.003s
2025-07-29 22:36:22,326 - INFO - log_performance:59 - Performance: game_loop took 0.006s
2025-07-29 22:36:22,434 - INFO - log_performance:59 - Performance: game_loop took 0.004s
2025-07-29 22:36:22,542 - INFO - log_performance:59 - Performance: game_loop took 0.004s
2025-07-29 22:36:22,659 - INFO - log_performance:59 - Performance: game_loop took 0.008s
2025-07-29 22:36:22,764 - INFO - log_performance:59 - Performance: game_loop took 0.004s
2025-07-29 22:36:22,871 - INFO - log_performance:59 - Performance: game_loop took 0.005s
2025-07-29 22:36:22,985 - INFO - log_performance:59 - Performance: game_loop took 0.007s
2025-07-29 22:36:23,091 - INFO - log_performance:59 - Performance: game_loop took 0.006s
2025-07-29 22:36:23,206 - INFO - log_performance:59 - Performance: game_loop took 0.005s
2025-07-29 22:36:23,315 - INFO - log_performance:59 - Performance: game_loop took 0.007s
2025-07-29 22:36:23,427 - INFO - log_performance:59 - Performance: game_loop took 0.004s
2025-07-29 22:36:23,537 - INFO - log_performance:59 - Performance: game_loop took 0.004s
2025-07-29 22:36:23,648 - INFO - log_performance:59 - Performance: game_loop took 0.007s
2025-07-29 22:36:23,756 - INFO - log_performance:59 - Performance: game_loop took 0.007s
2025-07-29 22:36:23,862 - INFO - log_performance:59 - Performance: game_loop took 0.005s
2025-07-29 22:36:23,974 - INFO - log_performance:59 - Performance: game_loop took 0.010s
2025-07-29 22:36:24,083 - INFO - log_performance:59 - Performance: game_loop took 0.007s
2025-07-29 22:36:24,205 - INFO - log_performance:59 - Performance: game_loop took 0.007s
2025-07-29 22:36:24,312 - INFO - log_performance:59 - Performance: game_loop took 0.005s
2025-07-29 22:36:24,418 - INFO - log_performance:59 - Performance: game_loop took 0.003s
2025-07-29 22:36:24,527 - INFO - log_performance:59 - Performance: game_loop took 0.004s
2025-07-29 22:36:24,643 - INFO - log_performance:59 - Performance: game_loop took 0.008s
2025-07-29 22:36:24,751 - INFO - log_performance:59 - Performance: game_loop took 0.005s
2025-07-29 22:36:24,862 - INFO - log_performance:59 - Performance: game_loop took 0.008s
2025-07-29 22:36:24,970 - INFO - log_performance:59 - Performance: game_loop took 0.006s
2025-07-29 22:36:25,077 - INFO - log_performance:59 - Performance: game_loop took 0.007s
2025-07-29 22:36:25,187 - INFO - log_performance:59 - Performance: game_loop took 0.008s
2025-07-29 22:36:25,294 - INFO - log_performance:59 - Performance: game_loop took 0.005s
2025-07-29 22:36:25,404 - INFO - log_performance:59 - Performance: game_loop took 0.009s
2025-07-29 22:36:25,509 - INFO - log_performance:59 - Performance: game_loop took 0.003s
2025-07-29 22:36:25,618 - INFO - log_performance:59 - Performance: game_loop took 0.003s
2025-07-29 22:36:25,725 - INFO - log_performance:59 - Performance: game_loop took 0.003s
2025-07-29 22:36:25,830 - INFO - log_performance:59 - Performance: game_loop took 0.004s
2025-07-29 22:36:25,947 - INFO - log_performance:59 - Performance: game_loop took 0.006s
2025-07-29 22:36:26,054 - INFO - log_performance:59 - Performance: game_loop took 0.005s
2025-07-29 22:36:26,166 - INFO - log_performance:59 - Performance: game_loop took 0.007s
2025-07-29 22:36:26,274 - INFO - log_performance:59 - Performance: game_loop took 0.007s
2025-07-29 22:36:26,384 - INFO - log_performance:59 - Performance: game_loop took 0.007s
2025-07-29 22:36:26,491 - INFO - log_performance:59 - Performance: game_loop took 0.003s
2025-07-29 22:36:26,600 - INFO - log_performance:59 - Performance: game_loop took 0.003s
2025-07-29 22:36:26,715 - INFO - log_performance:59 - Performance: game_loop took 0.008s
2025-07-29 22:36:26,824 - INFO - log_performance:59 - Performance: game_loop took 0.007s
2025-07-29 22:36:26,933 - INFO - log_performance:59 - Performance: game_loop took 0.009s
2025-07-29 22:36:27,056 - INFO - log_performance:59 - Performance: game_loop took 0.008s
2025-07-29 22:36:27,174 - INFO - log_performance:59 - Performance: game_loop took 0.007s
2025-07-29 22:36:27,287 - INFO - log_performance:59 - Performance: game_loop took 0.007s
2025-07-29 22:36:27,395 - INFO - log_performance:59 - Performance: game_loop took 0.007s
2025-07-29 22:36:27,502 - INFO - log_performance:59 - Performance: game_loop took 0.003s
2025-07-29 22:36:27,607 - INFO - log_performance:59 - Performance: game_loop took 0.004s
2025-07-29 22:36:27,726 - INFO - log_performance:59 - Performance: game_loop took 0.007s
2025-07-29 22:36:27,833 - INFO - log_performance:59 - Performance: game_loop took 0.005s
2025-07-29 22:36:27,937 - INFO - log_performance:59 - Performance: game_loop took 0.003s
2025-07-29 22:36:28,044 - INFO - log_performance:59 - Performance: game_loop took 0.004s
2025-07-29 22:36:28,151 - INFO - log_performance:59 - Performance: game_loop took 0.005s
2025-07-29 22:36:28,261 - INFO - log_performance:59 - Performance: game_loop took 0.005s
2025-07-29 22:36:28,376 - INFO - log_performance:59 - Performance: game_loop took 0.004s
2025-07-29 22:36:28,483 - INFO - log_performance:59 - Performance: game_loop took 0.003s
2025-07-29 22:36:33,517 - INFO - log_user_action:63 - User Action: mode_changed - {'old_mode': 'ai_battle', 'new_mode': 'ai_battle'}
2025-07-29 22:36:42,539 - ERROR - log_error:50 - Error: 'GameModeManager' object has no attribute 'check_ai_battle_conditions' - Context: Game loop error
2025-07-29 22:36:42,542 - ERROR - log_error:51 - Traceback: Traceback (most recent call last):
  File "d:\Python\SnakeTkinter\main.py", line 1348, in game_loop
    mode_conditions = game_mode_manager.check_mode_conditions(game_state)
  File "d:\Python\SnakeTkinter\game_modes.py", line 245, in check_mode_conditions
    battle_result = self.check_ai_battle_conditions(game_state)
AttributeError: 'GameModeManager' object has no attribute 'check_ai_battle_conditions'

2025-07-29 22:36:46,350 - ERROR - log_error:50 - Error: 'GameModeManager' object has no attribute 'check_ai_battle_conditions' - Context: Game loop error
2025-07-29 22:36:46,350 - ERROR - log_error:51 - Traceback: Traceback (most recent call last):
  File "d:\Python\SnakeTkinter\main.py", line 1348, in game_loop
    mode_conditions = game_mode_manager.check_mode_conditions(game_state)
  File "d:\Python\SnakeTkinter\game_modes.py", line 245, in check_mode_conditions
    battle_result = self.check_ai_battle_conditions(game_state)
AttributeError: 'GameModeManager' object has no attribute 'check_ai_battle_conditions'

2025-07-29 22:36:47,834 - ERROR - log_error:50 - Error: 'GameModeManager' object has no attribute 'check_ai_battle_conditions' - Context: Game loop error
2025-07-29 22:36:47,835 - ERROR - log_error:51 - Traceback: Traceback (most recent call last):
  File "d:\Python\SnakeTkinter\main.py", line 1348, in game_loop
    mode_conditions = game_mode_manager.check_mode_conditions(game_state)
  File "d:\Python\SnakeTkinter\game_modes.py", line 245, in check_mode_conditions
    battle_result = self.check_ai_battle_conditions(game_state)
AttributeError: 'GameModeManager' object has no attribute 'check_ai_battle_conditions'

2025-07-29 22:36:48,511 - ERROR - log_error:50 - Error: 'GameModeManager' object has no attribute 'check_ai_battle_conditions' - Context: Game loop error
2025-07-29 22:36:48,512 - ERROR - log_error:51 - Traceback: Traceback (most recent call last):
  File "d:\Python\SnakeTkinter\main.py", line 1348, in game_loop
    mode_conditions = game_mode_manager.check_mode_conditions(game_state)
  File "d:\Python\SnakeTkinter\game_modes.py", line 245, in check_mode_conditions
    battle_result = self.check_ai_battle_conditions(game_state)
AttributeError: 'GameModeManager' object has no attribute 'check_ai_battle_conditions'

2025-07-29 22:36:49,132 - ERROR - log_error:50 - Error: 'GameModeManager' object has no attribute 'check_ai_battle_conditions' - Context: Game loop error
2025-07-29 22:36:49,133 - ERROR - log_error:51 - Traceback: Traceback (most recent call last):
  File "d:\Python\SnakeTkinter\main.py", line 1348, in game_loop
    mode_conditions = game_mode_manager.check_mode_conditions(game_state)
  File "d:\Python\SnakeTkinter\game_modes.py", line 245, in check_mode_conditions
    battle_result = self.check_ai_battle_conditions(game_state)
AttributeError: 'GameModeManager' object has no attribute 'check_ai_battle_conditions'

2025-07-29 22:42:31,326 - INFO - log_game_event:45 - Game Event: game_restart - {'score': 0}
