2025-07-29 22:37:28,007 - DEBUG - wrapper:342 - matplotlib data path: D:\Python\SnakeTkinter\.venv\lib\site-packages\matplotlib\mpl-data
2025-07-29 22:37:28,015 - DEBUG - wrapper:342 - CONFIGDIR=C:\Users\user\.matplotlib
2025-07-29 22:37:28,017 - DEBUG - <module>:1557 - interactive is False
2025-07-29 22:37:28,019 - DEBUG - <module>:1558 - platform is win32
2025-07-29 22:37:28,092 - DEBUG - wrapper:342 - CACHEDIR=C:\Users\user\.matplotlib
2025-07-29 22:37:28,096 - DEBUG - _load_fontmanager:1635 - Using fontManager instance from C:\Users\user\.matplotlib\fontlist-v390.json
2025-07-29 22:37:32,862 - INFO - log_performance:59 - Performance: game_loop took 0.018s
2025-07-29 22:37:32,971 - INFO - log_performance:59 - Performance: game_loop took 0.003s
2025-07-29 22:37:33,079 - INFO - log_performance:59 - Performance: game_loop took 0.003s
2025-07-29 22:37:33,184 - INFO - log_performance:59 - Performance: game_loop took 0.004s
2025-07-29 22:37:33,299 - INFO - log_performance:59 - Performance: game_loop took 0.003s
2025-07-29 22:37:33,407 - INFO - log_performance:59 - Performance: game_loop took 0.004s
2025-07-29 22:37:33,521 - INFO - log_performance:59 - Performance: game_loop took 0.009s
2025-07-29 22:37:33,628 - INFO - log_performance:59 - Performance: game_loop took 0.004s
2025-07-29 22:37:33,742 - INFO - log_performance:59 - Performance: game_loop took 0.007s
2025-07-29 22:37:33,857 - INFO - log_performance:59 - Performance: game_loop took 0.007s
2025-07-29 22:37:33,969 - INFO - log_performance:59 - Performance: game_loop took 0.005s
2025-07-29 22:37:34,076 - INFO - log_performance:59 - Performance: game_loop took 0.006s
2025-07-29 22:37:34,186 - INFO - log_performance:59 - Performance: game_loop took 0.004s
2025-07-29 22:37:34,297 - INFO - log_performance:59 - Performance: game_loop took 0.004s
2025-07-29 22:37:34,404 - INFO - log_performance:59 - Performance: game_loop took 0.004s
2025-07-29 22:37:34,510 - INFO - log_performance:59 - Performance: game_loop took 0.006s
2025-07-29 22:37:34,621 - INFO - log_performance:59 - Performance: game_loop took 0.003s
2025-07-29 22:37:39,502 - INFO - log_user_action:63 - User Action: mode_changed - {'old_mode': 'ai_battle', 'new_mode': 'ai_battle'}
2025-07-29 22:37:46,862 - INFO - log_performance:59 - Performance: game_loop took 0.018s
2025-07-29 22:37:46,976 - INFO - log_performance:59 - Performance: game_loop took 0.010s
2025-07-29 22:37:47,090 - INFO - log_performance:59 - Performance: game_loop took 0.007s
2025-07-29 22:37:47,211 - INFO - log_performance:59 - Performance: game_loop took 0.012s
2025-07-29 22:37:47,321 - INFO - log_performance:59 - Performance: game_loop took 0.007s
2025-07-29 22:37:47,434 - INFO - log_performance:59 - Performance: game_loop took 0.010s
2025-07-29 22:37:47,546 - INFO - log_performance:59 - Performance: game_loop took 0.010s
2025-07-29 22:37:47,662 - INFO - log_performance:59 - Performance: game_loop took 0.010s
2025-07-29 22:37:47,776 - INFO - log_performance:59 - Performance: game_loop took 0.010s
2025-07-29 22:37:47,889 - INFO - log_performance:59 - Performance: game_loop took 0.007s
2025-07-29 22:37:48,003 - INFO - log_performance:59 - Performance: game_loop took 0.011s
2025-07-29 22:37:48,112 - INFO - log_performance:59 - Performance: game_loop took 0.009s
2025-07-29 22:37:48,222 - INFO - log_performance:59 - Performance: game_loop took 0.006s
2025-07-29 22:37:48,332 - INFO - log_performance:59 - Performance: game_loop took 0.007s
2025-07-29 22:37:48,445 - INFO - log_performance:59 - Performance: game_loop took 0.010s
2025-07-29 22:37:48,568 - INFO - log_performance:59 - Performance: game_loop took 0.009s
2025-07-29 22:37:48,675 - INFO - log_performance:59 - Performance: game_loop took 0.006s
2025-07-29 22:37:48,782 - INFO - log_performance:59 - Performance: game_loop took 0.006s
2025-07-29 22:37:48,893 - INFO - log_performance:59 - Performance: game_loop took 0.009s
2025-07-29 22:37:49,007 - INFO - log_performance:59 - Performance: game_loop took 0.011s
2025-07-29 22:37:49,127 - INFO - log_performance:59 - Performance: game_loop took 0.011s
2025-07-29 22:37:49,240 - INFO - log_performance:59 - Performance: game_loop took 0.010s
2025-07-29 22:37:49,356 - INFO - log_performance:59 - Performance: game_loop took 0.007s
2025-07-29 22:37:49,469 - INFO - log_performance:59 - Performance: game_loop took 0.011s
2025-07-29 22:37:49,580 - INFO - log_performance:59 - Performance: game_loop took 0.009s
2025-07-29 22:37:49,690 - INFO - log_performance:59 - Performance: game_loop took 0.008s
2025-07-29 22:37:49,803 - INFO - log_performance:59 - Performance: game_loop took 0.012s
2025-07-29 22:37:49,911 - INFO - log_performance:59 - Performance: game_loop took 0.008s
2025-07-29 22:37:50,029 - INFO - log_performance:59 - Performance: game_loop took 0.006s
2025-07-29 22:37:50,137 - INFO - log_performance:59 - Performance: game_loop took 0.008s
2025-07-29 22:37:50,254 - INFO - log_performance:59 - Performance: game_loop took 0.009s
2025-07-29 22:37:50,373 - INFO - log_performance:59 - Performance: game_loop took 0.006s
2025-07-29 22:37:50,487 - INFO - log_performance:59 - Performance: game_loop took 0.010s
2025-07-29 22:37:50,596 - INFO - log_performance:59 - Performance: game_loop took 0.008s
2025-07-29 22:37:50,705 - INFO - log_performance:59 - Performance: game_loop took 0.008s
2025-07-29 22:37:50,826 - INFO - log_performance:59 - Performance: game_loop took 0.009s
2025-07-29 22:37:50,942 - INFO - log_performance:59 - Performance: game_loop took 0.010s
2025-07-29 22:37:51,059 - INFO - log_performance:59 - Performance: game_loop took 0.006s
2025-07-29 22:37:51,175 - INFO - log_performance:59 - Performance: game_loop took 0.014s
2025-07-29 22:37:51,295 - INFO - log_performance:59 - Performance: game_loop took 0.007s
2025-07-29 22:37:51,406 - INFO - log_performance:59 - Performance: game_loop took 0.006s
2025-07-29 22:37:51,518 - INFO - log_performance:59 - Performance: game_loop took 0.010s
2025-07-29 22:37:51,628 - INFO - log_performance:59 - Performance: game_loop took 0.009s
2025-07-29 22:37:51,749 - INFO - log_performance:59 - Performance: game_loop took 0.010s
2025-07-29 22:37:51,856 - INFO - log_performance:59 - Performance: game_loop took 0.006s
2025-07-29 22:37:51,967 - INFO - log_performance:59 - Performance: game_loop took 0.008s
2025-07-29 22:37:52,074 - INFO - log_performance:59 - Performance: game_loop took 0.007s
2025-07-29 22:37:52,187 - INFO - log_performance:59 - Performance: game_loop took 0.007s
2025-07-29 22:37:52,300 - INFO - log_performance:59 - Performance: game_loop took 0.006s
2025-07-29 22:37:52,409 - INFO - log_performance:59 - Performance: game_loop took 0.006s
2025-07-29 22:37:52,518 - INFO - log_performance:59 - Performance: game_loop took 0.006s
2025-07-29 22:37:52,627 - INFO - log_performance:59 - Performance: game_loop took 0.006s
2025-07-29 22:37:52,735 - INFO - log_performance:59 - Performance: game_loop took 0.008s
2025-07-29 22:37:52,849 - INFO - log_performance:59 - Performance: game_loop took 0.011s
2025-07-29 22:37:52,971 - INFO - log_performance:59 - Performance: game_loop took 0.011s
2025-07-29 22:37:53,082 - INFO - log_performance:59 - Performance: game_loop took 0.010s
2025-07-29 22:37:53,202 - INFO - log_performance:59 - Performance: game_loop took 0.007s
2025-07-29 22:37:53,312 - INFO - log_performance:59 - Performance: game_loop took 0.007s
2025-07-29 22:37:53,420 - INFO - log_performance:59 - Performance: game_loop took 0.006s
2025-07-29 22:37:53,532 - INFO - log_performance:59 - Performance: game_loop took 0.010s
2025-07-29 22:37:53,653 - INFO - log_performance:59 - Performance: game_loop took 0.008s
2025-07-29 22:37:53,763 - INFO - log_performance:59 - Performance: game_loop took 0.010s
2025-07-29 22:37:53,880 - INFO - log_performance:59 - Performance: game_loop took 0.009s
2025-07-29 22:37:53,997 - INFO - log_performance:59 - Performance: game_loop took 0.010s
2025-07-29 22:37:54,110 - INFO - log_performance:59 - Performance: game_loop took 0.009s
2025-07-29 22:37:54,219 - INFO - log_performance:59 - Performance: game_loop took 0.008s
2025-07-29 22:37:54,330 - INFO - log_performance:59 - Performance: game_loop took 0.007s
2025-07-29 22:37:54,437 - INFO - log_performance:59 - Performance: game_loop took 0.006s
2025-07-29 22:37:54,561 - INFO - log_performance:59 - Performance: game_loop took 0.011s
2025-07-29 22:37:54,672 - INFO - log_performance:59 - Performance: game_loop took 0.010s
2025-07-29 22:37:54,793 - INFO - log_performance:59 - Performance: game_loop took 0.009s
2025-07-29 22:37:54,951 - INFO - log_performance:59 - Performance: game_loop took 0.055s
2025-07-29 22:37:55,064 - INFO - log_performance:59 - Performance: game_loop took 0.009s
2025-07-29 22:37:55,174 - INFO - log_performance:59 - Performance: game_loop took 0.009s
2025-07-29 22:37:55,288 - INFO - log_performance:59 - Performance: game_loop took 0.007s
2025-07-29 22:37:55,398 - INFO - log_performance:59 - Performance: game_loop took 0.006s
2025-07-29 22:37:55,507 - INFO - log_performance:59 - Performance: game_loop took 0.006s
2025-07-29 22:37:55,620 - INFO - log_performance:59 - Performance: game_loop took 0.012s
2025-07-29 22:37:55,738 - INFO - log_performance:59 - Performance: game_loop took 0.011s
2025-07-29 22:37:55,849 - INFO - log_performance:59 - Performance: game_loop took 0.009s
2025-07-29 22:37:55,961 - INFO - log_performance:59 - Performance: game_loop took 0.011s
2025-07-29 22:37:56,078 - INFO - log_performance:59 - Performance: game_loop took 0.011s
2025-07-29 22:37:56,190 - INFO - log_performance:59 - Performance: game_loop took 0.010s
2025-07-29 22:37:56,302 - INFO - log_performance:59 - Performance: game_loop took 0.011s
2025-07-29 22:37:56,416 - INFO - log_performance:59 - Performance: game_loop took 0.006s
2025-07-29 22:37:56,531 - INFO - log_performance:59 - Performance: game_loop took 0.011s
2025-07-29 22:37:56,646 - INFO - log_performance:59 - Performance: game_loop took 0.012s
2025-07-29 22:37:56,767 - INFO - log_performance:59 - Performance: game_loop took 0.009s
2025-07-29 22:37:56,890 - INFO - log_performance:59 - Performance: game_loop took 0.010s
2025-07-29 22:37:56,998 - INFO - log_performance:59 - Performance: game_loop took 0.007s
2025-07-29 22:37:57,109 - INFO - log_performance:59 - Performance: game_loop took 0.006s
2025-07-29 22:37:57,219 - INFO - log_performance:59 - Performance: game_loop took 0.007s
2025-07-29 22:37:57,326 - INFO - log_performance:59 - Performance: game_loop took 0.006s
2025-07-29 22:37:57,433 - INFO - log_performance:59 - Performance: game_loop took 0.007s
2025-07-29 22:37:57,547 - INFO - log_performance:59 - Performance: game_loop took 0.010s
2025-07-29 22:37:57,655 - INFO - log_performance:59 - Performance: game_loop took 0.007s
2025-07-29 22:37:57,767 - INFO - log_performance:59 - Performance: game_loop took 0.009s
2025-07-29 22:37:57,892 - INFO - log_performance:59 - Performance: game_loop took 0.011s
2025-07-29 22:37:58,002 - INFO - log_performance:59 - Performance: game_loop took 0.009s
2025-07-29 22:37:58,126 - INFO - log_performance:59 - Performance: game_loop took 0.011s
2025-07-29 22:37:58,234 - INFO - log_performance:59 - Performance: game_loop took 0.008s
2025-07-29 22:37:58,344 - INFO - log_performance:59 - Performance: game_loop took 0.008s
2025-07-29 22:37:58,451 - INFO - log_performance:59 - Performance: game_loop took 0.005s
2025-07-29 22:37:58,563 - INFO - log_performance:59 - Performance: game_loop took 0.009s
2025-07-29 22:37:58,684 - INFO - log_performance:59 - Performance: game_loop took 0.007s
2025-07-29 22:37:58,795 - INFO - log_performance:59 - Performance: game_loop took 0.009s
2025-07-29 22:37:58,906 - INFO - log_performance:59 - Performance: game_loop took 0.010s
2025-07-29 22:37:59,014 - INFO - log_performance:59 - Performance: game_loop took 0.007s
2025-07-29 22:37:59,128 - INFO - log_performance:59 - Performance: game_loop took 0.012s
2025-07-29 22:37:59,247 - INFO - log_performance:59 - Performance: game_loop took 0.008s
2025-07-29 22:37:59,362 - INFO - log_performance:59 - Performance: game_loop took 0.011s
2025-07-29 22:37:59,480 - INFO - log_performance:59 - Performance: game_loop took 0.006s
2025-07-29 22:37:59,594 - INFO - log_performance:59 - Performance: game_loop took 0.011s
2025-07-29 22:37:59,705 - INFO - log_performance:59 - Performance: game_loop took 0.009s
2025-07-29 22:37:59,815 - INFO - log_performance:59 - Performance: game_loop took 0.008s
2025-07-29 22:37:59,936 - INFO - log_performance:59 - Performance: game_loop took 0.006s
2025-07-29 22:38:00,044 - INFO - log_performance:59 - Performance: game_loop took 0.006s
2025-07-29 22:38:00,152 - INFO - log_performance:59 - Performance: game_loop took 0.006s
2025-07-29 22:38:00,262 - INFO - log_performance:59 - Performance: game_loop took 0.008s
2025-07-29 22:38:00,372 - INFO - log_performance:59 - Performance: game_loop took 0.006s
2025-07-29 22:38:00,483 - INFO - log_performance:59 - Performance: game_loop took 0.007s
2025-07-29 22:38:00,590 - INFO - log_performance:59 - Performance: game_loop took 0.006s
2025-07-29 22:38:00,702 - INFO - log_performance:59 - Performance: game_loop took 0.010s
2025-07-29 22:38:00,813 - INFO - log_performance:59 - Performance: game_loop took 0.007s
2025-07-29 22:38:00,923 - INFO - log_performance:59 - Performance: game_loop took 0.010s
2025-07-29 22:38:01,031 - INFO - log_performance:59 - Performance: game_loop took 0.007s
2025-07-29 22:38:01,137 - INFO - log_performance:59 - Performance: game_loop took 0.006s
2025-07-29 22:38:01,247 - INFO - log_performance:59 - Performance: game_loop took 0.009s
2025-07-29 22:38:01,358 - INFO - log_performance:59 - Performance: game_loop took 0.006s
2025-07-29 22:38:01,473 - INFO - log_performance:59 - Performance: game_loop took 0.009s
2025-07-29 22:38:01,592 - INFO - log_performance:59 - Performance: game_loop took 0.007s
2025-07-29 22:38:01,705 - INFO - log_performance:59 - Performance: game_loop took 0.010s
2025-07-29 22:38:01,818 - INFO - log_performance:59 - Performance: game_loop took 0.011s
2025-07-29 22:38:01,930 - INFO - log_performance:59 - Performance: game_loop took 0.010s
2025-07-29 22:38:02,049 - INFO - log_performance:59 - Performance: game_loop took 0.012s
2025-07-29 22:38:02,158 - INFO - log_performance:59 - Performance: game_loop took 0.006s
2025-07-29 22:38:02,269 - INFO - log_performance:59 - Performance: game_loop took 0.010s
2025-07-29 22:38:02,381 - INFO - log_performance:59 - Performance: game_loop took 0.011s
2025-07-29 22:38:02,496 - INFO - log_performance:59 - Performance: game_loop took 0.006s
2025-07-29 22:38:02,608 - INFO - log_performance:59 - Performance: game_loop took 0.009s
2025-07-29 22:38:02,720 - INFO - log_performance:59 - Performance: game_loop took 0.010s
2025-07-29 22:38:02,831 - INFO - log_performance:59 - Performance: game_loop took 0.009s
2025-07-29 22:38:02,938 - INFO - log_performance:59 - Performance: game_loop took 0.005s
2025-07-29 22:38:03,047 - INFO - log_performance:59 - Performance: game_loop took 0.005s
2025-07-29 22:38:03,155 - INFO - log_performance:59 - Performance: game_loop took 0.007s
2025-07-29 22:38:03,262 - INFO - log_performance:59 - Performance: game_loop took 0.006s
2025-07-29 22:38:03,373 - INFO - log_performance:59 - Performance: game_loop took 0.008s
2025-07-29 22:38:03,481 - INFO - log_performance:59 - Performance: game_loop took 0.007s
2025-07-29 22:38:03,594 - INFO - log_performance:59 - Performance: game_loop took 0.010s
2025-07-29 22:38:03,718 - INFO - log_performance:59 - Performance: game_loop took 0.010s
2025-07-29 22:38:03,831 - INFO - log_performance:59 - Performance: game_loop took 0.009s
2025-07-29 22:38:03,942 - INFO - log_performance:59 - Performance: game_loop took 0.010s
2025-07-29 22:38:04,064 - INFO - log_performance:59 - Performance: game_loop took 0.010s
2025-07-29 22:38:04,174 - INFO - log_performance:59 - Performance: game_loop took 0.008s
2025-07-29 22:38:04,298 - INFO - log_performance:59 - Performance: game_loop took 0.009s
2025-07-29 22:38:04,405 - INFO - log_performance:59 - Performance: game_loop took 0.006s
2025-07-29 22:38:04,513 - INFO - log_performance:59 - Performance: game_loop took 0.006s
2025-07-29 22:38:04,628 - INFO - log_performance:59 - Performance: game_loop took 0.010s
2025-07-29 22:38:04,737 - INFO - log_performance:59 - Performance: game_loop took 0.008s
2025-07-29 22:38:04,859 - INFO - log_performance:59 - Performance: game_loop took 0.010s
2025-07-29 22:38:04,969 - INFO - log_performance:59 - Performance: game_loop took 0.007s
2025-07-29 22:38:05,079 - INFO - log_performance:59 - Performance: game_loop took 0.010s
2025-07-29 22:38:05,190 - INFO - log_performance:59 - Performance: game_loop took 0.010s
2025-07-29 22:38:05,309 - INFO - log_performance:59 - Performance: game_loop took 0.010s
2025-07-29 22:38:05,431 - INFO - log_performance:59 - Performance: game_loop took 0.014s
2025-07-29 22:38:05,542 - INFO - log_performance:59 - Performance: game_loop took 0.007s
2025-07-29 22:38:05,656 - INFO - log_performance:59 - Performance: game_loop took 0.010s
2025-07-29 22:38:05,778 - INFO - log_performance:59 - Performance: game_loop took 0.010s
2025-07-29 22:38:05,891 - INFO - log_performance:59 - Performance: game_loop took 0.009s
2025-07-29 22:38:06,002 - INFO - log_performance:59 - Performance: game_loop took 0.008s
2025-07-29 22:38:06,117 - INFO - log_performance:59 - Performance: game_loop took 0.006s
2025-07-29 22:38:06,230 - INFO - log_performance:59 - Performance: game_loop took 0.008s
2025-07-29 22:38:06,336 - INFO - log_performance:59 - Performance: game_loop took 0.006s
2025-07-29 22:38:06,449 - INFO - log_performance:59 - Performance: game_loop took 0.011s
2025-07-29 22:38:06,559 - INFO - log_performance:59 - Performance: game_loop took 0.007s
2025-07-29 22:38:06,674 - INFO - log_performance:59 - Performance: game_loop took 0.012s
2025-07-29 22:38:06,786 - INFO - log_game_event:45 - Game Event: game_saved - {'score': 6, 'length': 9, 'duration': 27.28257179260254}
2025-07-29 22:38:06,787 - INFO - log_game_event:45 - Game Event: game_ended - {'score': 6, 'length': 9, 'duration': 27.281573057174683, 'ai_mode': False, 'ai_helper': False, 'game_mode': 'ai_battle'}
2025-07-29 22:38:13,797 - INFO - log_performance:59 - Performance: game_loop took 0.011s
2025-07-29 22:38:13,907 - INFO - log_performance:59 - Performance: game_loop took 0.008s
2025-07-29 22:38:14,027 - INFO - log_performance:59 - Performance: game_loop took 0.005s
2025-07-29 22:38:14,140 - INFO - log_performance:59 - Performance: game_loop took 0.010s
2025-07-29 22:38:14,251 - INFO - log_performance:59 - Performance: game_loop took 0.009s
2025-07-29 22:38:14,360 - INFO - log_performance:59 - Performance: game_loop took 0.008s
2025-07-29 22:38:14,484 - INFO - log_performance:59 - Performance: game_loop took 0.009s
2025-07-29 22:38:14,591 - INFO - log_performance:59 - Performance: game_loop took 0.007s
2025-07-29 22:38:14,705 - INFO - log_performance:59 - Performance: game_loop took 0.013s
2025-07-29 22:38:14,822 - INFO - log_performance:59 - Performance: game_loop took 0.006s
2025-07-29 22:38:14,937 - INFO - log_performance:59 - Performance: game_loop took 0.010s
2025-07-29 22:38:15,062 - INFO - log_performance:59 - Performance: game_loop took 0.011s
2025-07-29 22:38:15,172 - INFO - log_performance:59 - Performance: game_loop took 0.007s
2025-07-29 22:38:15,292 - INFO - log_performance:59 - Performance: game_loop took 0.007s
2025-07-29 22:38:15,405 - INFO - log_performance:59 - Performance: game_loop took 0.011s
2025-07-29 22:38:15,515 - INFO - log_performance:59 - Performance: game_loop took 0.008s
2025-07-29 22:38:15,626 - INFO - log_performance:59 - Performance: game_loop took 0.006s
2025-07-29 22:38:15,735 - INFO - log_performance:59 - Performance: game_loop took 0.006s
2025-07-29 22:38:15,845 - INFO - log_performance:59 - Performance: game_loop took 0.008s
2025-07-29 22:38:15,967 - INFO - log_performance:59 - Performance: game_loop took 0.012s
2025-07-29 22:38:16,080 - INFO - log_performance:59 - Performance: game_loop took 0.010s
2025-07-29 22:38:16,198 - INFO - log_performance:59 - Performance: game_loop took 0.009s
2025-07-29 22:38:16,314 - INFO - log_performance:59 - Performance: game_loop took 0.008s
2025-07-29 22:38:16,426 - INFO - log_performance:59 - Performance: game_loop took 0.009s
2025-07-29 22:38:16,540 - INFO - log_performance:59 - Performance: game_loop took 0.006s
2025-07-29 22:38:16,649 - INFO - log_performance:59 - Performance: game_loop took 0.006s
2025-07-29 22:38:16,764 - INFO - log_performance:59 - Performance: game_loop took 0.012s
2025-07-29 22:38:16,875 - INFO - log_performance:59 - Performance: game_loop took 0.008s
2025-07-29 22:38:16,988 - INFO - log_performance:59 - Performance: game_loop took 0.009s
2025-07-29 22:38:17,105 - INFO - log_performance:59 - Performance: game_loop took 0.009s
2025-07-29 22:38:17,219 - INFO - log_performance:59 - Performance: game_loop took 0.010s
2025-07-29 22:38:17,336 - INFO - log_performance:59 - Performance: game_loop took 0.009s
2025-07-29 22:38:17,446 - INFO - log_performance:59 - Performance: game_loop took 0.007s
2025-07-29 22:38:17,556 - INFO - log_performance:59 - Performance: game_loop took 0.006s
2025-07-29 22:38:17,664 - INFO - log_performance:59 - Performance: game_loop took 0.006s
2025-07-29 22:38:17,774 - INFO - log_performance:59 - Performance: game_loop took 0.006s
2025-07-29 22:38:17,883 - INFO - log_performance:59 - Performance: game_loop took 0.008s
2025-07-29 22:38:17,995 - INFO - log_performance:59 - Performance: game_loop took 0.008s
2025-07-29 22:38:18,106 - INFO - log_performance:59 - Performance: game_loop took 0.009s
2025-07-29 22:38:18,224 - INFO - log_performance:59 - Performance: game_loop took 0.009s
2025-07-29 22:38:18,336 - INFO - log_performance:59 - Performance: game_loop took 0.012s
2025-07-29 22:38:18,447 - INFO - log_performance:59 - Performance: game_loop took 0.010s
2025-07-29 22:38:18,560 - INFO - log_performance:59 - Performance: game_loop took 0.006s
2025-07-29 22:38:18,668 - INFO - log_performance:59 - Performance: game_loop took 0.006s
2025-07-29 22:38:18,781 - INFO - log_performance:59 - Performance: game_loop took 0.009s
2025-07-29 22:38:18,893 - INFO - log_performance:59 - Performance: game_loop took 0.010s
2025-07-29 22:38:19,003 - INFO - log_performance:59 - Performance: game_loop took 0.010s
2025-07-29 22:38:19,117 - INFO - log_performance:59 - Performance: game_loop took 0.010s
2025-07-29 22:38:19,235 - INFO - log_performance:59 - Performance: game_loop took 0.011s
2025-07-29 22:38:19,346 - INFO - log_performance:59 - Performance: game_loop took 0.009s
2025-07-29 22:38:19,461 - INFO - log_performance:59 - Performance: game_loop took 0.011s
2025-07-29 22:38:19,577 - INFO - log_performance:59 - Performance: game_loop took 0.007s
2025-07-29 22:38:19,691 - INFO - log_performance:59 - Performance: game_loop took 0.006s
2025-07-29 22:38:19,806 - INFO - log_performance:59 - Performance: game_loop took 0.011s
2025-07-29 22:38:19,933 - INFO - log_game_event:45 - Game Event: game_saved - {'score': 1, 'length': 4, 'duration': 10.200971126556396}
2025-07-29 22:38:19,933 - INFO - log_game_event:45 - Game Event: game_ended - {'score': 1, 'length': 4, 'duration': 10.185959577560425, 'ai_mode': False, 'ai_helper': False, 'game_mode': 'ai_battle'}
